2024-01-08 09:31:36.217 [error] Error: Command failed: git rev-parse --absolute-git-dir
fatal: not a git repository (or any parent up to mount point /)
Stopping at filesystem boundary (GIT_DISCOVERY_ACROSS_FILESYSTEM not set).

	at ChildProcess.exithandler (node:child_process:419:12)
	at ChildProcess.emit (node:events:514:28)
	at maybeClose (node:internal/child_process:1091:16)
	at Socket.<anonymous> (node:internal/child_process:449:11)
	at Socket.emit (node:events:514:28)
	at Pipe.<anonymous> (node:net:323:12)
2024-01-08 09:31:36.226 [error] Error: Command failed: git rev-parse --absolute-git-dir
fatal: not a git repository (or any parent up to mount point /)
Stopping at filesystem boundary (GIT_DISCOVERY_ACROSS_FILESYSTEM not set).

	at ChildProcess.exithandler (node:child_process:419:12)
	at ChildProcess.emit (node:events:514:28)
	at maybeClose (node:internal/child_process:1091:16)
	at Socket.<anonymous> (node:internal/child_process:449:11)
	at Socket.emit (node:events:514:28)
	at Pipe.<anonymous> (node:net:323:12)
2024-01-08 09:32:17.788 [error] Error: Command failed: git rev-parse --absolute-git-dir
fatal: not a git repository (or any parent up to mount point /)
Stopping at filesystem boundary (GIT_DISCOVERY_ACROSS_FILESYSTEM not set).

	at ChildProcess.exithandler (node:child_process:419:12)
	at ChildProcess.emit (node:events:514:28)
	at maybeClose (node:internal/child_process:1091:16)
	at Socket.<anonymous> (node:internal/child_process:449:11)
	at Socket.emit (node:events:514:28)
	at Pipe.<anonymous> (node:net:323:12)
2024-01-08 09:32:17.793 [error] Error: Command failed: git rev-parse --absolute-git-dir
fatal: not a git repository (or any parent up to mount point /)
Stopping at filesystem boundary (GIT_DISCOVERY_ACROSS_FILESYSTEM not set).

	at ChildProcess.exithandler (node:child_process:419:12)
	at ChildProcess.emit (node:events:514:28)
	at maybeClose (node:internal/child_process:1091:16)
	at Socket.<anonymous> (node:internal/child_process:449:11)
	at Socket.emit (node:events:514:28)
	at Pipe.<anonymous> (node:net:323:12)
