11:10:30 [INFO] - Running activation sequence for Fiori tools - Application Modeler
11:10:30 [INFO] - Configurations: 'sap.ux.applicationModeler.showJsonSchemas': false; isTheia(): false; isAppStudio(): true
11:10:30 [INFO] - isBASVEExtInstalled(): true
11:10:30 [INFO] - AppFolders: setAppFoldersContext() is processing, leaving
11:10:30 [INFO] - Register Fiori tools file system for configurations...
11:10:30 [INFO] - ...Fiori tools file system registered in 0.673ms
11:10:30 [INFO] - Register views for configurations...
11:10:30 [INFO] - ...views for configurations registered in 0.954ms
11:10:30 [INFO] - Register commands...
11:10:30 [INFO] - ...commands registered in 3.379ms
11:10:30 [INFO] - Activating sync module...
11:10:30 [INFO] - Virtual file system ftfs initialized in 0.112ms
11:10:30 [INFO] - Searching for projects in these workspace folders: 
[ '/home/user' ]
11:10:39 [INFO] - SAP UX projects found and added in 8781.012ms
11:10:39 [INFO] - Start watching **/package.json
11:10:39 [INFO] - package.json watched in 0.743ms
11:10:39 [INFO] - Start watching for workspace folder changes
11:10:39 [INFO] - Workspace folders watched in 0.387ms
11:10:39 [INFO] - Configs watched in 0.101ms
11:10:39 [INFO] - ...sync module activated in 8784.299ms
11:10:39 [INFO] - Register serializers...
11:10:39 [INFO] - ...serializers registered in 0.484ms
11:10:39 [INFO] - Activating launch config integration
11:10:39 [INFO] - Handler for Fiori launch configuration registered
11:10:39 [INFO] - ...launch config integration activated in 0.982ms
11:10:39 [INFO] - Activating migration module...
11:10:39 [INFO] - Migration start watching for workspace folder changes
11:10:39 [INFO] - Workspace folders watched in 0.458ms
11:10:39 [INFO] - Migration start watching **/package.json
11:10:39 [INFO] - package.json watched in 0.454ms
11:10:39 [INFO] - Migration start watching **/pom.xml
11:10:39 [INFO] - pom.xml watched in 0.399ms
11:10:39 [INFO] - Migration start watching **/neo-app.json
11:10:39 [INFO] - neo-app.json watched in 0.254ms
11:10:39 [INFO] - Migration start watching **/manifest.json
11:10:39 [INFO] - manifest.json watched in 0.305ms
11:10:39 [INFO] - ...migration module activated in 3.789ms
11:10:39 [INFO] - Register uri handler...
11:10:39 [INFO] - ...uri handler registered in 0.179ms
11:10:39 [INFO] - activation sequence for Fiori tools - Application Modeler done in 8818.548ms
