2024-01-04 12:48:04.716 [error] No bundle location found for extension vscode.emmet
2024-01-04 12:48:04.775 [error] No bundle location found for extension vscode.typescript-language-features
2024-01-04 12:48:05.297 [error] No bundle location found for extension SAPOSS.app-studio-toolkit
2024-01-04 12:48:06.419 [error] No bundle location found for extension SAPOSS.app-studio-toolkit-themes
2024-01-04 12:48:06.419 [error] No bundle location found for extension SAPSE.fs-usage-popup-vscode-extensions
2024-01-04 12:48:06.579 [error] No bundle location found for extension SAP.vscode-watt-framework-extension
2024-01-04 12:48:06.848 [error] No bundle location found for extension SAPOSS.code-snippet
2024-01-04 12:48:06.952 [error] No bundle location found for extension eamodio.gitlens
2024-01-04 12:48:07.038 [error] No bundle location found for extension SAPSE.sap-ux-service-modeler-extension
2024-01-04 12:48:07.039 [error] No bundle location found for extension SAPSE.sap-ux-application-modeler-extension
2024-01-04 12:48:10.151 [error] No bundle location found for extension SAPOSS.vscode-dependencies-validation
2024-01-04 12:48:10.321 [error] No bundle location found for extension SAPSE.npm-task-contrib
2024-01-04 12:48:10.321 [error] No bundle location found for extension vscode.git-base
2024-01-04 12:48:10.437 [error] No bundle location found for extension SAPOSS.vscode-deps-upgrade-tool
2024-01-04 12:48:10.704 [error] No bundle location found for extension SAP.vscode-bas-extension
2024-01-04 12:48:10.980 [error] No bundle location found for extension SAPSE.sap-ux-help-extension
2024-01-04 12:48:12.419 [error] No bundle location found for extension SAP.vscode-wing-cf-tools
2024-01-04 12:48:12.419 [error] No bundle location found for extension SAPSE.vscode-tasks-explorer-tasks-panel
2024-01-04 12:48:12.775 [error] No bundle location found for extension SAPOSS.vscode-ui5-language-assistant
2024-01-04 12:48:13.873 [error] No bundle location found for extension SAP.vscode-wing-gerrit
2024-01-04 12:48:13.874 [error] No bundle location found for extension SAP.vscode-wing-run-config
2024-01-04 12:48:13.874 [error] No bundle location found for extension SAPSE.vscode-wing-expose-router-ports
2024-01-04 12:48:14.958 [error] No bundle location found for extension SAPOS.yeoman-ui
2024-01-04 12:48:16.509 [error] No bundle location found for extension SAPSE.lcap-task-contrib
2024-01-04 12:48:16.607 [error] No bundle location found for extension SAP.vscode-wing-welcome-screen
2024-01-04 12:48:16.721 [error] No bundle location found for extension SAPSE.vscode-wing-storyboard
2024-01-04 12:48:16.977 [error] No bundle location found for extension SAPOSS.guided-development
2024-01-04 12:48:17.060 [error] No bundle location found for extension SAP.vscode-bas-extensibility
2024-01-04 12:48:17.127 [error] No bundle location found for extension SAP.mta-editor-vscode
2024-01-04 12:48:17.194 [error] No bundle location found for extension SAP.sap-bas-vscode-w5g
2024-01-04 12:48:17.214 [error] No bundle location found for extension SAPSE.vscode-bas-fiori-tools
2024-01-04 12:48:17.407 [error] No bundle location found for extension vscode.git
2024-01-04 12:48:18.446 [error] No bundle location found for extension SAPSE.vscode-wing-ui5-run
2024-01-04 12:48:19.256 [error] No bundle location found for extension SAP.adp-ve-bas-ext
2024-01-04 12:48:19.960 [error] No bundle location found for extension SAPSE.vscode-mta-tools
2024-01-04 12:48:20.173 [error] No bundle location found for extension vscode.debug-auto-launch
2024-01-04 12:48:20.240 [error] No bundle location found for extension vscode.merge-conflict
2024-01-04 12:48:20.313 [error] No bundle location found for extension SAPSE.cicd-extension
2024-01-04 13:44:02.691 [error] No bundle location found for extension SAPSE.sap-ux-annotation-modeler-extension
2024-01-04 13:44:03.249 [error] No bundle location found for extension SAPOSS.xml-toolkit
2024-01-04 13:44:06.680 [error] No bundle location found for extension vscode.json-language-features
2024-01-04 13:44:09.555 [error] No bundle location found for extension vscode.npm
2024-01-04 13:44:09.555 [error] No bundle location found for extension vscode.extension-editing
2024-01-04 13:49:11.644 [error] Error: Unhandled error. ('Request timed out')
	at new NodeError (node:internal/errors:405:5)
	at B.emit (node:events:503:17)
	at B.<anonymous> (/extbin/local/openvscode-server/extensions/yeoman-ui-1.13.1/dist/extension.js:2:2141672)
	at B.emit (node:events:526:35)
	at /managed-content/globals/pnpm/5/.pnpm/@sap+generator-fiori@1.12.1/node_modules/@sap/generator-fiori/generators/commonlibs/index.js:2:4672250
2024-01-04 13:49:21.241 [error] No bundle location found for extension vscode.html-language-features
2024-01-04 14:02:33.456 [error] Error: [UriError]: If a URI contains an authority component, then the path component must either be empty or begin with a slash ("/") character
	at m (/extbin/local/openvscode-server/out/vs/workbench/api/node/extensionHostProcess.js:89:31653)
	at new S (/extbin/local/openvscode-server/out/vs/workbench/api/node/extensionHostProcess.js:89:32740)
	at new l (/extbin/local/openvscode-server/out/vs/workbench/api/node/extensionHostProcess.js:89:34378)
	at l.with (/extbin/local/openvscode-server/out/vs/workbench/api/node/extensionHostProcess.js:89:33167)
	at t.$i.D (/extbin/local/openvscode-server/extensions/extension-editing/dist/extensionEditingMain.js:1:286035)
	at /extbin/local/openvscode-server/extensions/extension-editing/dist/extensionEditingMain.js:1:285953
	at Array.filter (<anonymous>)
	at t.$i.C (/extbin/local/openvscode-server/extensions/extension-editing/dist/extensionEditingMain.js:1:285937)
	at l.value (/extbin/local/openvscode-server/extensions/extension-editing/dist/extensionEditingMain.js:1:277303)
	at c.y (/extbin/local/openvscode-server/out/vs/workbench/api/node/extensionHostProcess.js:80:1902)
	at c.fire (/extbin/local/openvscode-server/out/vs/workbench/api/node/extensionHostProcess.js:80:2119)
	at l.value (/extbin/local/openvscode-server/out/vs/workbench/api/node/extensionHostProcess.js:127:29106)
	at c.y (/extbin/local/openvscode-server/out/vs/workbench/api/node/extensionHostProcess.js:80:1902)
	at c.z (/extbin/local/openvscode-server/out/vs/workbench/api/node/extensionHostProcess.js:80:1972)
	at c.fire (/extbin/local/openvscode-server/out/vs/workbench/api/node/extensionHostProcess.js:80:2188)
	at P.$onFileEvent (/extbin/local/openvscode-server/out/vs/workbench/api/node/extensionHostProcess.js:127:30520)
	at i.S (/extbin/local/openvscode-server/out/vs/workbench/api/node/extensionHostProcess.js:134:10836)
	at i.Q (/extbin/local/openvscode-server/out/vs/workbench/api/node/extensionHostProcess.js:134:10602)
	at i.M (/extbin/local/openvscode-server/out/vs/workbench/api/node/extensionHostProcess.js:134:9686)
	at i.L (/extbin/local/openvscode-server/out/vs/workbench/api/node/extensionHostProcess.js:134:8762)
	at l.value (/extbin/local/openvscode-server/out/vs/workbench/api/node/extensionHostProcess.js:134:7565)
	at c.y (/extbin/local/openvscode-server/out/vs/workbench/api/node/extensionHostProcess.js:80:1902)
	at c.fire (/extbin/local/openvscode-server/out/vs/workbench/api/node/extensionHostProcess.js:80:2119)
	at h.fire (/extbin/local/openvscode-server/out/vs/workbench/api/node/extensionHostProcess.js:96:14047)
	at l.value (/extbin/local/openvscode-server/out/vs/workbench/api/node/extensionHostProcess.js:153:7918)
	at c.y (/extbin/local/openvscode-server/out/vs/workbench/api/node/extensionHostProcess.js:80:1902)
	at c.fire (/extbin/local/openvscode-server/out/vs/workbench/api/node/extensionHostProcess.js:80:2119)
	at h.fire (/extbin/local/openvscode-server/out/vs/workbench/api/node/extensionHostProcess.js:96:14047)
	at f.z (/extbin/local/openvscode-server/out/vs/workbench/api/node/extensionHostProcess.js:96:17112)
	at l.value (/extbin/local/openvscode-server/out/vs/workbench/api/node/extensionHostProcess.js:96:16517)
	at c.y (/extbin/local/openvscode-server/out/vs/workbench/api/node/extensionHostProcess.js:80:1902)
	at c.fire (/extbin/local/openvscode-server/out/vs/workbench/api/node/extensionHostProcess.js:80:2119)
	at l.acceptChunk (/extbin/local/openvscode-server/out/vs/workbench/api/node/extensionHostProcess.js:96:11821)
	at l.value (/extbin/local/openvscode-server/out/vs/workbench/api/node/extensionHostProcess.js:96:11108)
	at c.y (/extbin/local/openvscode-server/out/vs/workbench/api/node/extensionHostProcess.js:80:1902)
	at c.fire (/extbin/local/openvscode-server/out/vs/workbench/api/node/extensionHostProcess.js:80:2119)
	at c.z (/extbin/local/openvscode-server/out/vs/workbench/api/node/extensionHostProcess.js:150:19388)
2024-01-04 14:06:34.620 [error] Error: ENOENT: no such file or directory, stat '/home/user/projects/s331102/node_modules/fsevents'
2024-01-04 14:06:34.620 [error] Error: ENOENT: no such file or directory, stat '/home/user/projects/s331102/node_modules/fsevents'
2024-01-04 14:10:34.472 [error] Error: ENOENT: no such file or directory, stat '/home/user/.vscode/data/User/workspaceStorage/-59da3b3-1/vscode.lock'
2024-01-04 14:10:34.473 [error] Error: ENOENT: no such file or directory, stat '/home/user/.vscode/data/User/workspaceStorage/-59da3b3-1/vscode.lock'
2024-01-04 14:10:34.474 [error] Error: ENOENT: no such file or directory, stat '/home/user/.vscode/data/User/workspaceStorage/-59da3b3-1/vscode.lock'
2024-01-04 14:10:34.474 [error] Error: ENOENT: no such file or directory, stat '/home/user/.vscode/data/User/workspaceStorage/-59da3b3-1/vscode.lock'
2024-01-04 14:10:34.474 [error] Error: ENOENT: no such file or directory, stat '/home/user/.vscode/data/User/workspaceStorage/-59da3b3-1/vscode.lock'
2024-01-04 14:10:34.474 [error] Error: ENOENT: no such file or directory, stat '/home/user/.vscode/data/User/workspaceStorage/-59da3b3-1/vscode.lock'
2024-01-04 14:10:34.474 [error] Error: ENOENT: no such file or directory, stat '/home/user/.vscode/data/User/workspaceStorage/-59da3b3-1/vscode.lock'
2024-01-04 14:10:34.474 [error] Error: ENOENT: no such file or directory, stat '/home/user/.vscode/data/User/workspaceStorage/-59da3b3-1/vscode.lock'
2024-01-04 14:10:34.474 [error] Error: ENOENT: no such file or directory, stat '/home/user/.vscode/data/User/workspaceStorage/-59da3b3-1/vscode.lock'
2024-01-04 14:10:34.474 [error] Error: ENOENT: no such file or directory, stat '/home/user/.vscode/data/User/workspaceStorage/-59da3b3-1/vscode.lock'
2024-01-04 14:10:34.474 [error] Error: ENOENT: no such file or directory, stat '/home/user/.vscode/data/User/workspaceStorage/-59da3b3-1/vscode.lock'
2024-01-04 14:10:34.474 [error] Error: ENOENT: no such file or directory, stat '/home/user/.vscode/data/User/workspaceStorage/-59da3b3-1/vscode.lock'
2024-01-04 14:10:34.475 [error] Error: ENOENT: no such file or directory, stat '/home/user/.vscode/data/User/workspaceStorage/-59da3b3-1/vscode.lock'
2024-01-04 14:10:34.476 [error] Error: ENOENT: no such file or directory, stat '/home/user/.vscode/data/User/workspaceStorage/-59da3b3-1/vscode.lock'
2024-01-04 14:10:34.476 [error] Error: ENOENT: no such file or directory, stat '/home/user/.vscode/data/User/workspaceStorage/-59da3b3-1/vscode.lock'
2024-01-04 14:10:34.476 [error] Error: ENOENT: no such file or directory, stat '/home/user/.vscode/data/User/workspaceStorage/-59da3b3-1/vscode.lock'
2024-01-04 14:10:34.476 [error] Error: ENOENT: no such file or directory, stat '/home/user/.vscode/data/User/workspaceStorage/-59da3b3-1/vscode.lock'
2024-01-04 14:10:34.478 [error] Error: ENOENT: no such file or directory, stat '/home/user/.vscode/data/User/workspaceStorage/-59da3b3-1/vscode.lock'
2024-01-04 14:10:34.478 [error] Error: ENOENT: no such file or directory, stat '/home/user/.vscode/data/User/workspaceStorage/-59da3b3-1/vscode.lock'
2024-01-04 14:10:34.478 [error] Error: ENOENT: no such file or directory, stat '/home/user/.vscode/data/User/workspaceStorage/-59da3b3-1/vscode.lock'
2024-01-04 14:10:34.478 [error] Error: ENOENT: no such file or directory, stat '/home/user/.vscode/data/User/workspaceStorage/-59da3b3-1/vscode.lock'
2024-01-04 14:10:34.478 [error] Error: ENOENT: no such file or directory, stat '/home/user/.vscode/data/User/workspaceStorage/-59da3b3-1/vscode.lock'
2024-01-04 14:10:34.478 [error] Error: ENOENT: no such file or directory, stat '/home/user/.vscode/data/User/workspaceStorage/-59da3b3-1/vscode.lock'
2024-01-04 14:10:34.478 [error] Error: ENOENT: no such file or directory, stat '/home/user/.vscode/data/User/workspaceStorage/-59da3b3-1/vscode.lock'
2024-01-04 14:10:34.478 [error] Error: ENOENT: no such file or directory, stat '/home/user/.vscode/data/User/workspaceStorage/-59da3b3-1/vscode.lock'
2024-01-04 14:10:34.479 [error] Error: ENOENT: no such file or directory, stat '/home/user/.vscode/data/User/workspaceStorage/-59da3b3-1/vscode.lock'
2024-01-04 14:10:34.480 [error] Error: ENOENT: no such file or directory, stat '/home/user/.vscode/data/User/workspaceStorage/-59da3b3-1/vscode.lock'
2024-01-04 14:10:34.480 [error] Error: ENOENT: no such file or directory, stat '/home/user/.vscode/data/User/workspaceStorage/-59da3b3-1/vscode.lock'
2024-01-04 14:10:34.480 [error] Error: ENOENT: no such file or directory, stat '/home/user/.vscode/data/User/workspaceStorage/-59da3b3-1/vscode.lock'
2024-01-04 14:10:34.480 [error] Error: ENOENT: no such file or directory, stat '/home/user/.vscode/data/User/workspaceStorage/-59da3b3-1/vscode.lock'
2024-01-04 14:10:34.480 [error] Error: ENOENT: no such file or directory, stat '/home/user/.vscode/data/User/workspaceStorage/-59da3b3-1/vscode.lock'
2024-01-04 14:10:34.482 [error] Error: ENOENT: no such file or directory, stat '/home/user/.vscode/data/User/workspaceStorage/-59da3b3-1/vscode.lock'
2024-01-04 14:10:34.482 [error] Error: ENOENT: no such file or directory, stat '/home/user/.vscode/data/User/workspaceStorage/-59da3b3-1/vscode.lock'
2024-01-04 14:10:34.482 [error] Error: ENOENT: no such file or directory, stat '/home/user/.vscode/data/User/workspaceStorage/-59da3b3-1/vscode.lock'
