2024-01-04 14:10:37.421 [error] Error: EEXIST: file already exists, open '/home/user/.vscode/data/User/workspaceStorage/-59da3b3/vscode.lock'
2024-01-04 14:10:38.550 [error] No bundle location found for extension SAPOSS.code-snippet
2024-01-04 14:10:38.550 [error] No bundle location found for extension SAPSE.sap-ux-application-modeler-extension
2024-01-04 14:10:40.094 [error] No bundle location found for extension SAPSE.sap-ux-service-modeler-extension
2024-01-04 14:10:40.805 [error] No bundle location found for extension eamodio.gitlens
2024-01-04 14:10:40.900 [error] No bundle location found for extension SAPOSS.vscode-dependencies-validation
2024-01-04 14:10:41.049 [error] No bundle location found for extension SAP.vscode-bas-extension
2024-01-04 14:10:41.243 [error] No bundle location found for extension SAPOSS.app-studio-toolkit
2024-01-04 14:10:41.810 [error] No bundle location found for extension SAPOSS.vscode-deps-upgrade-tool
2024-01-04 14:10:41.975 [error] No bundle location found for extension SAPOSS.app-studio-toolkit-themes
2024-01-04 14:10:42.113 [error] No bundle location found for extension SAP.vscode-watt-framework-extension
2024-01-04 14:10:42.231 [error] Error: listen EADDRINUSE: address already in use :::8888
	at Server.setupListenHandle [as _listen2] (node:net:1751:16)
	at listenInCluster (node:net:1799:12)
	at Server.listen (node:net:1887:7)
	at Function.listen (/extbin/local/openvscode-server/extensions/vscode-watt-framework-extension/dist/extension.js:12086:24)
	at startWattServer (/extbin/local/openvscode-server/extensions/vscode-watt-framework-extension/dist/extension.js:71042:32)
	at activate (/extbin/local/openvscode-server/extensions/vscode-watt-framework-extension/dist/extension.js:77503:53)
	at q.ib (/extbin/local/openvscode-server/out/vs/workbench/api/node/extensionHostProcess.js:136:13170)
	at q.hb (/extbin/local/openvscode-server/out/vs/workbench/api/node/extensionHostProcess.js:136:12896)
	at /extbin/local/openvscode-server/out/vs/workbench/api/node/extensionHostProcess.js:136:11037
	at async w.n (/extbin/local/openvscode-server/out/vs/workbench/api/node/extensionHostProcess.js:124:6205)
	at async w.m (/extbin/local/openvscode-server/out/vs/workbench/api/node/extensionHostProcess.js:124:6168)
	at async w.l (/extbin/local/openvscode-server/out/vs/workbench/api/node/extensionHostProcess.js:124:5625)
2024-01-04 14:10:42.359 [error] No bundle location found for extension SAPSE.fs-usage-popup-vscode-extensions
2024-01-04 14:10:42.359 [error] No bundle location found for extension vscode.git-base
2024-01-04 14:10:42.359 [error] No bundle location found for extension SAPSE.npm-task-contrib
2024-01-04 14:10:42.550 [error] No bundle location found for extension SAPSE.sap-ux-help-extension
2024-01-04 14:10:42.550 [error] No bundle location found for extension SAPSE.vscode-tasks-explorer-tasks-panel
2024-01-04 14:10:42.550 [error] No bundle location found for extension SAPOSS.vscode-ui5-language-assistant
2024-01-04 14:10:42.550 [error] No bundle location found for extension SAP.vscode-wing-cf-tools
2024-01-04 14:10:42.550 [error] No bundle location found for extension SAPSE.vscode-wing-expose-router-ports
2024-01-04 14:10:42.550 [error] No bundle location found for extension SAP.vscode-wing-gerrit
2024-01-04 14:10:42.550 [error] No bundle location found for extension SAP.vscode-wing-run-config
2024-01-04 14:10:44.574 [error] Error: listen EADDRINUSE: address already in use :::3001
	at Server.setupListenHandle [as _listen2] (node:net:1751:16)
	at listenInCluster (node:net:1799:12)
	at Server.listen (node:net:1887:7)
	at y.listen (/extbin/local/openvscode-server/extensions/vscode-wing-expose-router-ports-2.0.3-release/bundle/extension.js:256:4551)
	at /extbin/local/openvscode-server/extensions/vscode-wing-expose-router-ports-2.0.3-release/bundle/extension.js:169:66794
	at /extbin/local/openvscode-server/extensions/vscode-wing-expose-router-ports-2.0.3-release/bundle/extension.js:169:66923
	at t.activate (/extbin/local/openvscode-server/extensions/vscode-wing-expose-router-ports-2.0.3-release/bundle/extension.js:169:66926)
	at q.ib (/extbin/local/openvscode-server/out/vs/workbench/api/node/extensionHostProcess.js:136:13170)
	at q.hb (/extbin/local/openvscode-server/out/vs/workbench/api/node/extensionHostProcess.js:136:12896)
	at /extbin/local/openvscode-server/out/vs/workbench/api/node/extensionHostProcess.js:136:11037
	at async w.n (/extbin/local/openvscode-server/out/vs/workbench/api/node/extensionHostProcess.js:124:6205)
	at async w.m (/extbin/local/openvscode-server/out/vs/workbench/api/node/extensionHostProcess.js:124:6168)
	at async w.l (/extbin/local/openvscode-server/out/vs/workbench/api/node/extensionHostProcess.js:124:5625)
2024-01-04 14:10:44.894 [error] No bundle location found for extension SAPSE.lcap-task-contrib
2024-01-04 14:10:44.935 [error] No bundle location found for extension SAPOS.yeoman-ui
2024-01-04 14:10:45.974 [error] No bundle location found for extension SAPSE.vscode-bas-fiori-tools
2024-01-04 14:10:45.974 [error] No bundle location found for extension SAP.vscode-wing-welcome-screen
2024-01-04 14:10:46.179 [error] No bundle location found for extension SAPOSS.guided-development
2024-01-04 14:10:46.179 [error] No bundle location found for extension SAPSE.vscode-wing-storyboard
2024-01-04 14:10:46.411 [error] No bundle location found for extension SAP.mta-editor-vscode
2024-01-04 14:10:46.476 [error] No bundle location found for extension SAP.sap-bas-vscode-w5g
2024-01-04 14:10:46.476 [error] No bundle location found for extension SAP.vscode-bas-extensibility
2024-01-04 14:10:46.494 [error] No bundle location found for extension vscode.git
2024-01-04 14:10:47.050 [error] No bundle location found for extension SAPSE.vscode-wing-ui5-run
2024-01-04 14:10:47.167 [error] No bundle location found for extension SAPSE.vscode-mta-tools
2024-01-04 14:10:47.377 [error] No bundle location found for extension SAP.adp-ve-bas-ext
2024-01-04 14:10:47.921 [error] No bundle location found for extension vscode.emmet
2024-01-04 14:10:48.000 [error] No bundle location found for extension vscode.npm
2024-01-04 14:10:48.142 [error] No bundle location found for extension vscode.extension-editing
2024-01-04 14:10:48.282 [error] No bundle location found for extension vscode.json-language-features
2024-01-04 14:10:48.925 [error] No bundle location found for extension SAPSE.cicd-extension
2024-01-04 14:10:49.640 [error] No bundle location found for extension vscode.debug-auto-launch
2024-01-04 14:10:49.723 [error] No bundle location found for extension vscode.merge-conflict
2024-01-04 14:10:53.131 [error] No bundle location found for extension SAPSE.sap-ux-annotation-modeler-extension
2024-01-04 14:10:56.225 [error] No bundle location found for extension SAPOSS.xml-toolkit
2024-01-04 14:10:58.748 [error] No bundle location found for extension vscode.typescript-language-features
2024-01-04 14:57:34.395 [error] Error: ENOENT: no such file or directory, stat '/home/user/.vscode/data/User/workspaceStorage/-59da3b3/vscode.lock'
2024-01-04 14:57:34.397 [error] Error: ENOENT: no such file or directory, stat '/home/user/.vscode/data/User/workspaceStorage/-59da3b3/vscode.lock'
2024-01-04 14:57:34.397 [error] Error: ENOENT: no such file or directory, stat '/home/user/.vscode/data/User/workspaceStorage/-59da3b3/vscode.lock'
2024-01-04 14:57:34.397 [error] Error: ENOENT: no such file or directory, stat '/home/user/.vscode/data/User/workspaceStorage/-59da3b3/vscode.lock'
2024-01-04 14:57:34.397 [error] Error: ENOENT: no such file or directory, stat '/home/user/.vscode/data/User/workspaceStorage/-59da3b3/vscode.lock'
2024-01-04 14:57:34.397 [error] Error: ENOENT: no such file or directory, stat '/home/user/.vscode/data/User/workspaceStorage/-59da3b3/vscode.lock'
2024-01-04 14:57:34.397 [error] Error: ENOENT: no such file or directory, stat '/home/user/.vscode/data/User/workspaceStorage/-59da3b3/vscode.lock'
2024-01-04 14:57:34.397 [error] Error: ENOENT: no such file or directory, stat '/home/user/.vscode/data/User/workspaceStorage/-59da3b3/vscode.lock'
2024-01-04 14:57:34.397 [error] Error: ENOENT: no such file or directory, stat '/home/user/.vscode/data/User/workspaceStorage/-59da3b3/vscode.lock'
2024-01-04 14:57:34.397 [error] Error: ENOENT: no such file or directory, stat '/home/user/.vscode/data/User/workspaceStorage/-59da3b3/vscode.lock'
2024-01-04 14:57:34.397 [error] Error: ENOENT: no such file or directory, stat '/home/user/.vscode/data/User/workspaceStorage/-59da3b3/vscode.lock'
2024-01-04 14:57:34.397 [error] Error: ENOENT: no such file or directory, stat '/home/user/.vscode/data/User/workspaceStorage/-59da3b3/vscode.lock'
2024-01-04 14:57:34.397 [error] Error: ENOENT: no such file or directory, stat '/home/user/.vscode/data/User/workspaceStorage/-59da3b3/vscode.lock'
2024-01-04 14:57:34.398 [error] Error: ENOENT: no such file or directory, stat '/home/user/.vscode/data/User/workspaceStorage/-59da3b3/vscode.lock'
2024-01-04 14:57:34.399 [error] Error: ENOENT: no such file or directory, stat '/home/user/.vscode/data/User/workspaceStorage/-59da3b3/vscode.lock'
2024-01-04 14:57:34.399 [error] Error: ENOENT: no such file or directory, stat '/home/user/.vscode/data/User/workspaceStorage/-59da3b3/vscode.lock'
2024-01-04 14:57:34.399 [error] Error: ENOENT: no such file or directory, stat '/home/user/.vscode/data/User/workspaceStorage/-59da3b3/vscode.lock'
2024-01-04 14:57:34.399 [error] Error: ENOENT: no such file or directory, stat '/home/user/.vscode/data/User/workspaceStorage/-59da3b3/vscode.lock'
2024-01-04 14:57:34.399 [error] Error: ENOENT: no such file or directory, stat '/home/user/.vscode/data/User/workspaceStorage/-59da3b3/vscode.lock'
2024-01-04 14:57:34.399 [error] Error: ENOENT: no such file or directory, stat '/home/user/.vscode/data/User/workspaceStorage/-59da3b3/vscode.lock'
2024-01-04 14:57:34.399 [error] Error: ENOENT: no such file or directory, stat '/home/user/.vscode/data/User/workspaceStorage/-59da3b3/vscode.lock'
2024-01-04 14:57:34.401 [error] Error: ENOENT: no such file or directory, stat '/home/user/.vscode/data/User/workspaceStorage/-59da3b3/vscode.lock'
2024-01-04 14:57:34.401 [error] Error: ENOENT: no such file or directory, stat '/home/user/.vscode/data/User/workspaceStorage/-59da3b3/vscode.lock'
2024-01-04 14:57:34.401 [error] Error: ENOENT: no such file or directory, stat '/home/user/.vscode/data/User/workspaceStorage/-59da3b3/vscode.lock'
2024-01-04 14:57:34.401 [error] Error: ENOENT: no such file or directory, stat '/home/user/.vscode/data/User/workspaceStorage/-59da3b3/vscode.lock'
2024-01-04 14:57:34.401 [error] Error: ENOENT: no such file or directory, stat '/home/user/.vscode/data/User/workspaceStorage/-59da3b3/vscode.lock'
2024-01-04 14:57:34.403 [error] Error: ENOENT: no such file or directory, stat '/home/user/.vscode/data/User/workspaceStorage/-59da3b3/vscode.lock'
2024-01-04 14:57:34.403 [error] Error: ENOENT: no such file or directory, stat '/home/user/.vscode/data/User/workspaceStorage/-59da3b3/vscode.lock'
2024-01-04 14:57:34.403 [error] Error: ENOENT: no such file or directory, stat '/home/user/.vscode/data/User/workspaceStorage/-59da3b3/vscode.lock'
2024-01-04 14:57:34.403 [error] Error: ENOENT: no such file or directory, stat '/home/user/.vscode/data/User/workspaceStorage/-59da3b3/vscode.lock'
2024-01-04 14:57:34.403 [error] Error: ENOENT: no such file or directory, stat '/home/user/.vscode/data/User/workspaceStorage/-59da3b3/vscode.lock'
2024-01-04 14:57:34.403 [error] Error: ENOENT: no such file or directory, stat '/home/user/.vscode/data/User/workspaceStorage/-59da3b3/vscode.lock'
2024-01-04 14:57:34.403 [error] Error: ENOENT: no such file or directory, stat '/home/user/.vscode/data/User/workspaceStorage/-59da3b3/vscode.lock'
2024-01-04 14:57:34.405 [error] Error: ENOENT: no such file or directory, stat '/home/user/.vscode/data/User/workspaceStorage/-59da3b3/vscode.lock'
2024-01-04 14:57:34.405 [error] Error: ENOENT: no such file or directory, stat '/home/user/.vscode/data/User/workspaceStorage/-59da3b3/vscode.lock'
2024-01-04 14:57:34.406 [error] Error: ENOENT: no such file or directory, stat '/home/user/.vscode/data/User/workspaceStorage/-59da3b3/vscode.lock'
2024-01-04 14:57:34.406 [error] Error: ENOENT: no such file or directory, stat '/home/user/.vscode/data/User/workspaceStorage/-59da3b3/vscode.lock'
2024-01-04 14:57:34.406 [error] Error: ENOENT: no such file or directory, stat '/home/user/.vscode/data/User/workspaceStorage/-59da3b3/vscode.lock'
2024-01-04 14:57:34.406 [error] Error: ENOENT: no such file or directory, stat '/home/user/.vscode/data/User/workspaceStorage/-59da3b3/vscode.lock'
2024-01-04 14:57:34.406 [error] Error: ENOENT: no such file or directory, stat '/home/user/.vscode/data/User/workspaceStorage/-59da3b3/vscode.lock'
2024-01-04 14:57:34.406 [error] Error: ENOENT: no such file or directory, stat '/home/user/.vscode/data/User/workspaceStorage/-59da3b3/vscode.lock'
2024-01-04 14:57:34.407 [error] Error: ENOENT: no such file or directory, stat '/home/user/.vscode/data/User/workspaceStorage/-59da3b3/vscode.lock'
2024-01-04 14:57:34.408 [error] Error: ENOENT: no such file or directory, stat '/home/user/.vscode/data/User/workspaceStorage/-59da3b3/vscode.lock'
2024-01-04 14:57:34.408 [error] Error: ENOENT: no such file or directory, stat '/home/user/.vscode/data/User/workspaceStorage/-59da3b3/vscode.lock'
2024-01-04 14:57:34.408 [error] Error: ENOENT: no such file or directory, stat '/home/user/.vscode/data/User/workspaceStorage/-59da3b3/vscode.lock'
2024-01-04 14:57:34.408 [error] Error: ENOENT: no such file or directory, stat '/home/user/.vscode/data/User/workspaceStorage/-59da3b3/vscode.lock'
2024-01-04 14:57:34.408 [error] Error: ENOENT: no such file or directory, stat '/home/user/.vscode/data/User/workspaceStorage/-59da3b3/vscode.lock'
2024-01-04 14:57:34.408 [error] Error: ENOENT: no such file or directory, stat '/home/user/.vscode/data/User/workspaceStorage/-59da3b3/vscode.lock'
2024-01-04 14:57:34.408 [error] Error: ENOENT: no such file or directory, stat '/home/user/.vscode/data/User/workspaceStorage/-59da3b3/vscode.lock'
2024-01-04 14:57:34.408 [error] Error: ENOENT: no such file or directory, stat '/home/user/.vscode/data/User/workspaceStorage/-59da3b3/vscode.lock'
