2024-01-07 09:07:32.088 [error] No bundle location found for extension vscode.typescript-language-features
2024-01-07 09:07:32.088 [error] No bundle location found for extension vscode.emmet
2024-01-07 09:07:32.647 [error] No bundle location found for extension SAP.vscode-watt-framework-extension
2024-01-07 09:07:32.957 [error] No bundle location found for extension eamodio.gitlens
2024-01-07 09:07:33.055 [error] No bundle location found for extension SAPOSS.app-studio-toolkit
2024-01-07 09:07:33.839 [error] No bundle location found for extension SAPOSS.app-studio-toolkit-themes
2024-01-07 09:07:33.839 [error] No bundle location found for extension vscode.git-base
2024-01-07 09:07:33.839 [error] No bundle location found for extension SAPSE.fs-usage-popup-vscode-extensions
2024-01-07 09:07:33.926 [error] No bundle location found for extension SAPOSS.code-snippet
2024-01-07 09:07:34.061 [error] No bundle location found for extension SAPSE.npm-task-contrib
2024-01-07 09:07:34.061 [error] No bundle location found for extension SAPSE.sap-ux-help-extension
2024-01-07 09:07:34.994 [error] No bundle location found for extension SAPSE.sap-ux-application-modeler-extension
2024-01-07 09:07:36.363 [error] No bundle location found for extension SAPOSS.vscode-dependencies-validation
2024-01-07 09:07:36.446 [error] No bundle location found for extension SAPSE.vscode-tasks-explorer-tasks-panel
2024-01-07 09:07:36.577 [error] No bundle location found for extension SAPSE.sap-ux-service-modeler-extension
2024-01-07 09:07:37.243 [error] No bundle location found for extension SAPOSS.vscode-ui5-language-assistant
2024-01-07 09:07:37.941 [error] No bundle location found for extension SAP.vscode-bas-extension
2024-01-07 09:07:38.288 [error] No bundle location found for extension SAPOSS.vscode-deps-upgrade-tool
2024-01-07 09:07:38.958 [error] No bundle location found for extension SAP.vscode-wing-cf-tools
2024-01-07 09:07:39.229 [error] No bundle location found for extension SAP.vscode-wing-gerrit
2024-01-07 09:07:39.425 [error] No bundle location found for extension SAPSE.vscode-wing-expose-router-ports
2024-01-07 09:07:39.554 [error] No bundle location found for extension SAP.vscode-wing-run-config
2024-01-07 09:07:39.618 [error] No bundle location found for extension SAP.mta-editor-vscode
2024-01-07 09:07:39.669 [error] No bundle location found for extension SAP.sap-bas-vscode-w5g
2024-01-07 09:07:39.675 [error] No bundle location found for extension SAP.vscode-bas-extensibility
2024-01-07 09:07:39.685 [error] No bundle location found for extension SAP.vscode-wing-welcome-screen
2024-01-07 09:07:39.763 [error] No bundle location found for extension SAPOSS.guided-development
2024-01-07 09:07:39.847 [error] No bundle location found for extension SAPSE.vscode-wing-storyboard
2024-01-07 09:07:39.847 [error] No bundle location found for extension SAPSE.lcap-task-contrib
2024-01-07 09:07:40.040 [error] No bundle location found for extension SAPOS.yeoman-ui
2024-01-07 09:07:41.208 [error] No bundle location found for extension vscode.git
2024-01-07 09:07:41.455 [error] No bundle location found for extension SAPSE.vscode-bas-fiori-tools
2024-01-07 09:07:42.285 [error] No bundle location found for extension SAPSE.vscode-wing-ui5-run
2024-01-07 09:07:42.393 [error] No bundle location found for extension SAPSE.cicd-extension
2024-01-07 09:07:42.578 [error] No bundle location found for extension SAPSE.vscode-mta-tools
2024-01-07 09:07:42.684 [error] No bundle location found for extension SAP.adp-ve-bas-ext
2024-01-07 09:07:44.310 [error] No bundle location found for extension vscode.debug-auto-launch
2024-01-07 09:07:44.310 [error] No bundle location found for extension vscode.merge-conflict
2024-01-07 09:08:02.974 [error] No bundle location found for extension vscode.json-language-features
2024-01-07 09:08:03.150 [error] No bundle location found for extension vscode.extension-editing
2024-01-07 09:08:03.257 [error] No bundle location found for extension vscode.npm
2024-01-07 09:10:30.809 [error] No bundle location found for extension SAPSE.sap-ux-annotation-modeler-extension
2024-01-07 09:10:30.811 [error] No bundle location found for extension SAPOSS.xml-toolkit
