Could not find SWA env params in appstudio, disabling tracking.
{
  "label": "@ui5-language-assistant/context",
  "level": "error",
  "message": "Could not find UI5 lib from",
  "time": "2024-01-04T14:10:52.919Z",
  "url": "https://ui5.sap.com/1.120.4/test-resources/sap/ca/scfld/md/designtime/api.json"
}
{
  "label": "@ui5-language-assistant/context",
  "level": "error",
  "message": "Could not find UI5 lib from",
  "time": "2024-01-04T14:10:52.935Z",
  "url": "https://ui5.sap.com/1.120.4/test-resources/themelib_sap_horizon/designtime/api.json"
}
{
  "label": "@ui5-language-assistant/context",
  "level": "error",
  "message": "Could not find UI5 lib from",
  "time": "2024-01-04T14:10:52.939Z",
  "url": "https://ui5.sap.com/1.120.4/test-resources/themelib_sap_fiori_3/designtime/api.json"
}
{
  "label": "@ui5-language-assistant/context",
  "level": "error",
  "message": "Could not find UI5 lib from",
  "time": "2024-01-04T14:10:52.941Z",
  "url": "https://ui5.sap.com/1.120.4/test-resources/sap/ushell_abap/designtime/api.json"
}
{
  "label": "@ui5-language-assistant/context",
  "level": "error",
  "message": "Could not find UI5 lib from",
  "time": "2024-01-04T14:10:52.943Z",
  "url": "https://ui5.sap.com/1.120.4/test-resources/themelib_sap_bluecrystal/designtime/api.json"
}
{
  "label": "@ui5-language-assistant/context",
  "level": "error",
  "message": "Could not find UI5 lib from",
  "time": "2024-01-04T14:10:52.945Z",
  "url": "https://ui5.sap.com/1.120.4/test-resources/sap/fiori/designtime/api.json"
}
{
  "label": "@ui5-language-assistant/context",
  "level": "error",
  "message": "Could not find UI5 lib from",
  "time": "2024-01-04T14:10:52.950Z",
  "url": "https://ui5.sap.com/1.120.4/test-resources/sap/ui/demoapps/designtime/api.json"
}
{
  "label": "@ui5-language-assistant/context",
  "level": "error",
  "message": "Could not find UI5 lib from",
  "time": "2024-01-04T14:10:52.960Z",
  "url": "https://ui5.sap.com/1.120.4/test-resources/sap/ushell_abap/designtime/api.json"
}
{
  "label": "@ui5-language-assistant/context",
  "level": "error",
  "message": "Could not find UI5 lib from",
  "time": "2024-01-04T14:10:52.970Z",
  "url": "https://ui5.sap.com/1.120.4/test-resources/sap/ui/server/java/designtime/api.json"
}
{
  "label": "@ui5-language-assistant/context",
  "level": "error",
  "message": "Could not find UI5 lib from",
  "time": "2024-01-04T14:10:53.003Z",
  "url": "https://ui5.sap.com/1.120.4/test-resources/themelib_sap_belize/designtime/api.json"
}
{
  "label": "@ui5-language-assistant/context",
  "level": "error",
  "message": "Could not find UI5 lib from",
  "time": "2024-01-04T14:10:53.004Z",
  "url": "https://ui5.sap.com/1.120.4/test-resources/themelib_sap_belize/designtime/api.json"
}
{
  "label": "@ui5-language-assistant/context",
  "level": "error",
  "message": "Could not find UI5 lib from",
  "time": "2024-01-04T14:10:53.005Z",
  "url": "https://ui5.sap.com/1.120.4/test-resources/themelib_sap_bluecrystal/designtime/api.json"
}
{
  "label": "@ui5-language-assistant/context",
  "level": "error",
  "message": "Could not find UI5 lib from",
  "time": "2024-01-04T14:10:53.005Z",
  "url": "https://ui5.sap.com/1.120.4/test-resources/themelib_sap_horizon/designtime/api.json"
}
{
  "label": "@ui5-language-assistant/context",
  "level": "error",
  "message": "Could not find UI5 lib from",
  "time": "2024-01-04T14:10:53.006Z",
  "url": "https://ui5.sap.com/1.120.4/test-resources/sap/ca/scfld/md/designtime/api.json"
}
{
  "label": "@ui5-language-assistant/context",
  "level": "error",
  "message": "Could not find UI5 lib from",
  "time": "2024-01-04T14:10:53.006Z",
  "url": "https://ui5.sap.com/1.120.4/test-resources/themelib_sap_fiori_3/designtime/api.json"
}
{
  "label": "@ui5-language-assistant/context",
  "level": "error",
  "message": "Could not find UI5 lib from",
  "time": "2024-01-04T14:10:53.088Z",
  "url": "https://ui5.sap.com/1.120.4/test-resources/sap/ui/demoapps/designtime/api.json"
}
{
  "label": "@ui5-language-assistant/context",
  "level": "error",
  "message": "Could not find UI5 lib from",
  "time": "2024-01-04T14:10:53.089Z",
  "url": "https://ui5.sap.com/1.120.4/test-resources/sap/ui/server/abap/designtime/api.json"
}
{
  "label": "@ui5-language-assistant/context",
  "level": "error",
  "message": "Could not find UI5 lib from",
  "time": "2024-01-04T14:10:53.147Z",
  "url": "https://ui5.sap.com/1.120.4/test-resources/sap/ui/server/abap/designtime/api.json"
}
{
  "label": "@ui5-language-assistant/context",
  "level": "error",
  "message": "Could not find UI5 lib from",
  "time": "2024-01-04T14:10:53.148Z",
  "url": "https://ui5.sap.com/1.120.4/test-resources/sap/fiori/designtime/api.json"
}
{
  "label": "@ui5-language-assistant/context",
  "level": "error",
  "message": "Could not find UI5 lib from",
  "time": "2024-01-04T14:10:53.195Z",
  "url": "https://ui5.sap.com/1.120.4/test-resources/sap/ui/server/java/designtime/api.json"
}
Unknown type: sap.apf.Component [SAPUI5:1.120.0]
Unknown type: sap.apf.base.Component [SAPUI5:1.120.0]
Unknown type: sap.apf.core.Instance [SAPUI5:1.120.0]
Unknown type: sap.apf.ui.Instance [SAPUI5:1.120.0]
Unknown type: sap.apf.core.MessageHandler [SAPUI5:1.120.0]
Unknown type: sap.apf.core.MessageHandler [SAPUI5:1.120.0]
Unknown type: sap.apf.core.MessageHandler [SAPUI5:1.120.0]
Unknown type: sap.apf.core.constants.FilterOperators [SAPUI5:1.120.0]
Unknown type: sap.apf.core.MessageHandler [SAPUI5:1.120.0]
Unknown type: Date [SAPUI5:1.120.0]
Unknown type: Date [SAPUI5:1.120.0]
Unknown type: sap.f.cards.NumericIndicators [SAPUI5:1.120.0]
Unknown type: sap.fe.core.TemplateComponent [SAPUI5:1.120.0]
sap.fe.core.TemplateComponent is a UnresolvedType and not a class (class sap.fe.core.fpm.Component extends it) [SAPUI5:1.120.0]
Unknown type: sap.fe.core.rootView.RootViewBaseController [SAPUI5:1.120.0]
sap.fe.core.rootView.RootViewBaseController is a UnresolvedType and not a class (class sap.fe.core.rootView.Fcl extends it) [SAPUI5:1.120.0]
Unknown type: sap.fe.core.rootView.RootViewBaseController [SAPUI5:1.120.0]
sap.fe.core.rootView.RootViewBaseController is a UnresolvedType and not a class (class sap.fe.core.rootView.NavContainer extends it) [SAPUI5:1.120.0]
Unknown type: boolean  [SAPUI5:1.120.0]
Unknown type:  string [SAPUI5:1.120.0]
Unknown type: boolean  [SAPUI5:1.120.0]
Unknown type:  string [SAPUI5:1.120.0]
Unknown type: object  [SAPUI5:1.120.0]
Unknown type:  string [SAPUI5:1.120.0]
Unknown type: sap.gantt.misc.AxisTimes [SAPUI5:1.120.0]
Unknown type: sap.gantt.simple.GanttSearchSidePanel [SAPUI5:1.120.0]
Unknown type: sap.gantt.simple.BasePseudoShape [SAPUI5:1.120.0]
Unknown type: sap.m.IToolbarInteractiveControl [SAPUI5:1.120.0]
sap.m.IToolbarInteractiveControl is a UnresolvedType and not an interface (class sap.m.Breadcrumbs implements it) [SAPUI5:1.120.0]
Unknown type: sap.m.IToolbarInteractiveControl [SAPUI5:1.120.0]
sap.m.IToolbarInteractiveControl is a UnresolvedType and not an interface (class sap.m.Button implements it) [SAPUI5:1.120.0]
Unknown type: sap.m.IToolbarInteractiveControl [SAPUI5:1.120.0]
sap.m.IToolbarInteractiveControl is a UnresolvedType and not an interface (class sap.m.CheckBox implements it) [SAPUI5:1.120.0]
Unknown type: sap.m.IToolbarInteractiveControl [SAPUI5:1.120.0]
sap.m.IToolbarInteractiveControl is a UnresolvedType and not an interface (class sap.m.ComboBox implements it) [SAPUI5:1.120.0]
Unknown type: sap.m.IToolbarInteractiveControl [SAPUI5:1.120.0]
sap.m.IToolbarInteractiveControl is a UnresolvedType and not an interface (class sap.m.DateTimeInput implements it) [SAPUI5:1.120.0]
Unknown type: sap.m.IToolbarInteractiveControl [SAPUI5:1.120.0]
sap.m.IToolbarInteractiveControl is a UnresolvedType and not an interface (class sap.m.GenericTag implements it) [SAPUI5:1.120.0]
Unknown type: sap.m.IToolbarInteractiveControl [SAPUI5:1.120.0]
sap.m.IToolbarInteractiveControl is a UnresolvedType and not an interface (class sap.m.Input implements it) [SAPUI5:1.120.0]
Unknown type: sap.m.IToolbarInteractiveControl [SAPUI5:1.120.0]
sap.m.IToolbarInteractiveControl is a UnresolvedType and not an interface (class sap.m.Label implements it) [SAPUI5:1.120.0]
Unknown type: sap.m.IToolbarInteractiveControl [SAPUI5:1.120.0]
sap.m.IToolbarInteractiveControl is a UnresolvedType and not an interface (class sap.m.Link implements it) [SAPUI5:1.120.0]
Unknown type: sap.m.IToolbarInteractiveControl [SAPUI5:1.120.0]
sap.m.IToolbarInteractiveControl is a UnresolvedType and not an interface (class sap.m.MenuButton implements it) [SAPUI5:1.120.0]
Unknown type: sap.m.IToolbarInteractiveControl [SAPUI5:1.120.0]
sap.m.IToolbarInteractiveControl is a UnresolvedType and not an interface (class sap.m.OverflowToolbarButton implements it) [SAPUI5:1.120.0]
Unknown type: sap.m.IToolbarInteractiveControl [SAPUI5:1.120.0]
sap.m.IToolbarInteractiveControl is a UnresolvedType and not an interface (class sap.m.RadioButton implements it) [SAPUI5:1.120.0]
Unknown type: sap.m.IToolbarInteractiveControl [SAPUI5:1.120.0]
sap.m.IToolbarInteractiveControl is a UnresolvedType and not an interface (class sap.m.SearchField implements it) [SAPUI5:1.120.0]
Unknown type: sap.m.IToolbarInteractiveControl [SAPUI5:1.120.0]
sap.m.IToolbarInteractiveControl is a UnresolvedType and not an interface (class sap.m.SegmentedButton implements it) [SAPUI5:1.120.0]
Unknown type: sap.m.IToolbarInteractiveControl [SAPUI5:1.120.0]
sap.m.IToolbarInteractiveControl is a UnresolvedType and not an interface (class sap.m.Select implements it) [SAPUI5:1.120.0]
Unknown type: sap.m.IToolbarInteractiveControl [SAPUI5:1.120.0]
sap.m.IToolbarInteractiveControl is a UnresolvedType and not an interface (class sap.m.SplitButton implements it) [SAPUI5:1.120.0]
Unknown type: sap.m.IToolbarInteractiveControl [SAPUI5:1.120.0]
sap.m.IToolbarInteractiveControl is a UnresolvedType and not an interface (class sap.m.Switch implements it) [SAPUI5:1.120.0]
Unknown type: sap.m.IToolbarInteractiveControl [SAPUI5:1.120.0]
sap.m.IToolbarInteractiveControl is a UnresolvedType and not an interface (class sap.m.Text implements it) [SAPUI5:1.120.0]
Unknown type: sap.m.internal.ToggleSpinButton [SAPUI5:1.120.0]
Unknown type: sap.m.TimePickerClock [SAPUI5:1.120.0]
Unknown type: sap.m.IToolbarInteractiveControl [SAPUI5:1.120.0]
sap.m.IToolbarInteractiveControl is a UnresolvedType and not an interface (class sap.m.Title implements it) [SAPUI5:1.120.0]
Unknown type: sap.m.IToolbarInteractiveControl [SAPUI5:1.120.0]
sap.m.IToolbarInteractiveControl is a UnresolvedType and not an interface (class sap.m.ToggleButton implements it) [SAPUI5:1.120.0]
Unknown type: sap.m.IToolbarInteractiveControl [SAPUI5:1.120.0]
sap.m.IToolbarInteractiveControl is a UnresolvedType and not an interface (class sap.m.VariantManagement implements it) [SAPUI5:1.120.0]
Unknown type: Object<sap.sac.df.model.Dimension> [SAPUI5:1.120.0]
Unknown type: Object<sap.sac.df.model.Measure> [SAPUI5:1.120.0]
Unknown type: Object<sap.sac.df.model.Variable> [SAPUI5:1.120.0]
Unknown type: Object<sap.sac.df.model.DataProvider> [SAPUI5:1.120.0]
Unknown type: Object<sap.sac.df.model.VariableGroup> [SAPUI5:1.120.0]
Unknown type: sap.ui.comp.IDropDownTextArrangement [SAPUI5:1.120.0]
sap.ui.comp.IDropDownTextArrangement is a UnresolvedType and not an interface (class sap.ui.comp.odata.ComboBox implements it) [SAPUI5:1.120.0]
Unknown type: sap.ui.comp.IDropDownTextArrangement [SAPUI5:1.120.0]
sap.ui.comp.IDropDownTextArrangement is a UnresolvedType and not an interface (class sap.ui.comp.smartfilterbar.SFBMultiComboBox implements it) [SAPUI5:1.120.0]
Unknown type: null [SAPUI5:1.120.0]
Unknown type: null [SAPUI5:1.120.0]
Unknown type: null [SAPUI5:1.120.0]
Unknown type: Promise<T> [SAPUI5:1.120.0]
Unknown type: Date [SAPUI5:1.120.0]
Date is a UnresolvedType and not a class (class module:sap/ui/core/date/UI5Date extends it) [SAPUI5:1.120.0]
Unknown type: Storage [SAPUI5:1.120.0]
Unknown type: SourceType [SAPUI5:1.120.0]
Unknown type: ParamsType [SAPUI5:1.120.0]
Unknown type: sap.ui.core.mvc.XMLProcessingMode [SAPUI5:1.120.0]
Unknown type: sap.ui.core.mvc.XMLProcessingMode [SAPUI5:1.120.0]
Unknown type: sap.ui.core.routing.TargetCache [SAPUI5:1.120.0]
Unknown type: Array<Object<string,any>> [SAPUI5:1.120.0]
Unknown type: "skipServerCache" [SAPUI5:1.120.0]
Unknown type: Date [SAPUI5:1.120.0]
Unknown type: Date [SAPUI5:1.120.0]
Unknown type: Date [SAPUI5:1.120.0]
Unknown type: Date [SAPUI5:1.120.0]
Unknown type: Date [SAPUI5:1.120.0]
Unknown type: Date [SAPUI5:1.120.0]
Unknown type: RegExp [SAPUI5:1.120.0]
Unknown type: Date [SAPUI5:1.120.0]
Unknown type: Date [SAPUI5:1.120.0]
Unknown type: XMLDocument [SAPUI5:1.120.0]
Unknown type: this [SAPUI5:1.120.0]
Unknown type: QUnit.Assert [SAPUI5:1.120.0]
Unknown type: this [SAPUI5:1.120.0]
Unknown type: QUnit.Assert [SAPUI5:1.120.0]
Unknown type: sap.ui.fl.descriptorRelated.api.DescriptorInlineChange [SAPUI5:1.120.0]
Unknown type: sap.m.IToolbarInteractiveControl [SAPUI5:1.120.0]
sap.m.IToolbarInteractiveControl is a UnresolvedType and not an interface (class sap.ui.fl.variants.VariantManagement implements it) [SAPUI5:1.120.0]
Unknown type: sap.ui.fl.FlexController [SAPUI5:1.120.0]
Unknown type: sap.ui.generic.app.util.Queue [SAPUI5:1.120.0]
Unknown type: sap.ui.generic.app.util.Queue [SAPUI5:1.120.0]
Unknown type: sap.ui.generic.app.util.Queue [SAPUI5:1.120.0]
Unknown type: sap.ui.integration.cards.filters.FilterBar [SAPUI5:1.120.0]
Unknown type: sap.ui.mdc.chart.ChartToolbar [SAPUI5:1.120.0]
Unknown default aggregation content in class sap.ui.mdc.valuehelp.Dialog [SAPUI5:1.120.0]
Unknown default aggregation content in class sap.ui.mdc.valuehelp.Popover [SAPUI5:1.120.0]
Unknown type: sap.ui.vk.RedlineComment [SAPUI5:1.120.0]
Unknown type: THREE.Scene [SAPUI5:1.120.0]
Unknown type: sap.ui.vk.ToggleMenuItem [SAPUI5:1.120.0]
Unknown type: sap.ui.vk.ToggleMenuItem [SAPUI5:1.120.0]
Unknown type: sap.ushell.ui.tile.TileBase [SAPUI5:1.120.0]
sap.ushell.ui.tile.TileBase is a UnresolvedType and not a class (class sap.ushell.ui.tile.StaticTile extends it) [SAPUI5:1.120.0]
Unknown type:  [SAPUI5:1.120.0]
Unknown type: null [SAPUI5:1.120.0]
Unknown type: null [SAPUI5:1.120.0]
Unknown type: null [SAPUI5:1.120.0]
Unknown type: sap.fe.core.converters.ManifestSettings.HorizontalAlign [SAPUI5:1.120.0]
Unknown type: Date [SAPUI5:1.120.0]
Unknown type: {value:string,append:boolean} [SAPUI5:1.120.0]
Unknown type: {value:string,append:boolean} [SAPUI5:1.120.0]
Unknown type: null [SAPUI5:1.120.0]
Unknown type: null [SAPUI5:1.120.0]
Unknown type: sap.ui.commons.UserInputInfo [SAPUI5:1.120.0]
Unknown type: null [SAPUI5:1.120.0]
Unknown type: sap.ui.comp.SmartChart.Variant.Dimeasure [SAPUI5:1.120.0]
Unknown type: sap.ui.comp.SmartChart.Variant.Filter [SAPUI5:1.120.0]
Unknown type: sap.ui.comp.SmartChart.Variant.Sort [SAPUI5:1.120.0]
Unknown type: "A" [SAPUI5:1.120.0]
Unknown type: "B" [SAPUI5:1.120.0]
Unknown type: "error" [SAPUI5:1.120.0]
Unknown type: "warning" [SAPUI5:1.120.0]
Unknown type: PerformanceResourceTiming [SAPUI5:1.120.0]
Unknown type: "X" [SAPUI5:1.120.0]
Unknown type: "" [SAPUI5:1.120.0]
Unknown type: PerformanceResourceTiming [SAPUI5:1.120.0]
Unknown type: "hidden" [SAPUI5:1.120.0]
Unknown type: "public" [SAPUI5:1.120.0]
Unknown type: "bindable" [SAPUI5:1.120.0]
Unknown type: "hidden" [SAPUI5:1.120.0]
Unknown type: "public" [SAPUI5:1.120.0]
Unknown type: "hidden" [SAPUI5:1.120.0]
Unknown type: "public" [SAPUI5:1.120.0]
Unknown type: "Accessibility" [SAPUI5:1.120.0]
Unknown type: "Appearance" [SAPUI5:1.120.0]
Unknown type: "Behavior" [SAPUI5:1.120.0]
Unknown type: "Data" [SAPUI5:1.120.0]
Unknown type: "Designtime" [SAPUI5:1.120.0]
Unknown type: "Dimension" [SAPUI5:1.120.0]
Unknown type: "Identification" [SAPUI5:1.120.0]
Unknown type: "Misc" [SAPUI5:1.120.0]
Unknown type: "bindable" [SAPUI5:1.120.0]
Unknown type: null [SAPUI5:1.120.0]
Unknown type: null [SAPUI5:1.120.0]
Unknown type: null [SAPUI5:1.120.0]
Unknown type: false [SAPUI5:1.120.0]
Unknown type: "json" [SAPUI5:1.120.0]
Unknown type: 1 [SAPUI5:1.120.0]
Unknown type: 2 [SAPUI5:1.120.0]
Unknown type: 4 [SAPUI5:1.120.0]
Unknown type: DOMRect [SAPUI5:1.120.0]
Unknown type: DOMRect [SAPUI5:1.120.0]
Unknown type: "component" [SAPUI5:1.120.0]
Unknown type: RegExp [SAPUI5:1.120.0]
Unknown type: "property" [SAPUI5:1.120.0]
Unknown type: "property" [SAPUI5:1.120.0]
Unknown type: "property" [SAPUI5:1.120.0]
Unknown type: "style" [SAPUI5:1.120.0]
Unknown type: "textContent" [SAPUI5:1.120.0]
Unknown type: "slot" [SAPUI5:1.120.0]
Unknown type: "none" [SAPUI5:1.120.0]
Unknown type: "property" [SAPUI5:1.120.0]
Unknown type: "style" [SAPUI5:1.120.0]
Unknown type: "textContent" [SAPUI5:1.120.0]
Unknown type: "slot" [SAPUI5:1.120.0]
Unknown type: "none" [SAPUI5:1.120.0]
Unknown type: "false" [SAPUI5:1.120.0]
Unknown type: "true" [SAPUI5:1.120.0]
Unknown type: "false" [SAPUI5:1.120.0]
Unknown type: "true" [SAPUI5:1.120.0]
Unknown type: "0" [SAPUI5:1.120.0]
Unknown type: "0..1" [SAPUI5:1.120.0]
Unknown type: "*" [SAPUI5:1.120.0]
Unknown type: "Edm.Binary" [SAPUI5:1.120.0]
Unknown type: "false" [SAPUI5:1.120.0]
Unknown type: "true" [SAPUI5:1.120.0]
Unknown type: "Edm.Boolean" [SAPUI5:1.120.0]
Unknown type: "true" [SAPUI5:1.120.0]
Unknown type: "false" [SAPUI5:1.120.0]
Unknown type: "Edm.Byte" [SAPUI5:1.120.0]
Unknown type: "Edm.DateTimeOffset" [SAPUI5:1.120.0]
Unknown type: "Edm.DateTime" [SAPUI5:1.120.0]
Unknown type: "Edm.Decimal" [SAPUI5:1.120.0]
Unknown type: "Edm.Double" [SAPUI5:1.120.0]
Unknown type: "false" [SAPUI5:1.120.0]
Unknown type: "true" [SAPUI5:1.120.0]
Unknown type: "GET" [SAPUI5:1.120.0]
Unknown type: "POST" [SAPUI5:1.120.0]
Unknown type: "false" [SAPUI5:1.120.0]
Unknown type: "true" [SAPUI5:1.120.0]
Unknown type: "In" [SAPUI5:1.120.0]
Unknown type: "InOut" [SAPUI5:1.120.0]
Unknown type: "Out" [SAPUI5:1.120.0]
Unknown type: "Edm.Guid" [SAPUI5:1.120.0]
Unknown type: "Edm.Int16" [SAPUI5:1.120.0]
Unknown type: "Edm.Int32" [SAPUI5:1.120.0]
Unknown type: "Edm.Int64" [SAPUI5:1.120.0]
Unknown type: "Edm.SByte" [SAPUI5:1.120.0]
Unknown type: "Edm.Single" [SAPUI5:1.120.0]
Unknown type: "Edm.Stream" [SAPUI5:1.120.0]
Unknown type: "false" [SAPUI5:1.120.0]
Unknown type: "true" [SAPUI5:1.120.0]
Unknown type: "Edm.String" [SAPUI5:1.120.0]
Unknown type: "false" [SAPUI5:1.120.0]
Unknown type: "true" [SAPUI5:1.120.0]
Unknown type: "false" [SAPUI5:1.120.0]
Unknown type: "true" [SAPUI5:1.120.0]
Unknown type: "Edm.Time" [SAPUI5:1.120.0]
Unknown type: "com.sap.vocabularies.Common.v1.ValueListParameterConstant" [SAPUI5:1.120.0]
Unknown type: "com.sap.vocabularies.Common.v1.ValueListParameterDisplayOnly" [SAPUI5:1.120.0]
Unknown type: "com.sap.vocabularies.Common.v1.ValueListParameterIn" [SAPUI5:1.120.0]
Unknown type: "com.sap.vocabularies.Common.v1.ValueListParameterInOut" [SAPUI5:1.120.0]
Unknown type: "com.sap.vocabularies.Common.v1.ValueListParameterOut" [SAPUI5:1.120.0]
Unknown type: Error [SAPUI5:1.120.0]
Unknown type: Error [SAPUI5:1.120.0]
Unknown type: Error [SAPUI5:1.120.0]
Unknown type: Promise [SAPUI5:1.120.0]
Unknown type: Document [SAPUI5:1.120.0]
Unknown type: RegExp [SAPUI5:1.120.0]
Unknown type: RegExp [SAPUI5:1.120.0]
Unknown type: Response [SAPUI5:1.120.0]
Unknown type: 'tag' [SAPUI5:1.120.0]
Unknown type: 'propertyName' [SAPUI5:1.120.0]
Unknown type: Promise<sap.ui.mdc.link.LinkType> [SAPUI5:1.120.0]
Unknown type: "CLEAN" [SAPUI5:1.120.0]
Unknown type: "DIRTY" [SAPUI5:1.120.0]
Unknown type: "MAYBE_DIRTY" [SAPUI5:1.120.0]
Unknown type: sap.ushell.services.PersonalizationV2.constants.keyCategory [SAPUI5:1.120.0]
Unknown type: sap.ushell.services.PersonalizationV2.constants.writeFrequency [SAPUI5:1.120.0]
Unknown type: sap.apf.Component [SAPUI5:1.120.0]
Unknown type: sap.apf.base.Component [SAPUI5:1.120.0]
Unknown type: sap.apf.core.Instance [SAPUI5:1.120.0]
Unknown type: sap.apf.ui.Instance [SAPUI5:1.120.0]
Unknown type: sap.apf.core.MessageHandler [SAPUI5:1.120.0]
Unknown type: sap.apf.core.MessageHandler [SAPUI5:1.120.0]
Unknown type: sap.apf.core.MessageHandler [SAPUI5:1.120.0]
Unknown type: sap.apf.core.constants.FilterOperators [SAPUI5:1.120.0]
Unknown type: sap.apf.core.MessageHandler [SAPUI5:1.120.0]
Unknown type: Date [SAPUI5:1.120.0]
Unknown type: Date [SAPUI5:1.120.0]
Unknown type: sap.f.cards.NumericIndicators [SAPUI5:1.120.0]
Unknown type: sap.fe.core.TemplateComponent [SAPUI5:1.120.0]
sap.fe.core.TemplateComponent is a UnresolvedType and not a class (class sap.fe.core.fpm.Component extends it) [SAPUI5:1.120.0]
Unknown type: sap.fe.core.rootView.RootViewBaseController [SAPUI5:1.120.0]
sap.fe.core.rootView.RootViewBaseController is a UnresolvedType and not a class (class sap.fe.core.rootView.Fcl extends it) [SAPUI5:1.120.0]
Unknown type: sap.fe.core.rootView.RootViewBaseController [SAPUI5:1.120.0]
sap.fe.core.rootView.RootViewBaseController is a UnresolvedType and not a class (class sap.fe.core.rootView.NavContainer extends it) [SAPUI5:1.120.0]
Unknown type: boolean  [SAPUI5:1.120.0]
Unknown type:  string [SAPUI5:1.120.0]
Unknown type: boolean  [SAPUI5:1.120.0]
Unknown type:  string [SAPUI5:1.120.0]
Unknown type: object  [SAPUI5:1.120.0]
Unknown type:  string [SAPUI5:1.120.0]
Unknown type: sap.gantt.misc.AxisTimes [SAPUI5:1.120.0]
Unknown type: sap.gantt.simple.GanttSearchSidePanel [SAPUI5:1.120.0]
Unknown type: sap.gantt.simple.BasePseudoShape [SAPUI5:1.120.0]
Unknown type: sap.m.IToolbarInteractiveControl [SAPUI5:1.120.0]
sap.m.IToolbarInteractiveControl is a UnresolvedType and not an interface (class sap.m.Breadcrumbs implements it) [SAPUI5:1.120.0]
Unknown type: sap.m.IToolbarInteractiveControl [SAPUI5:1.120.0]
sap.m.IToolbarInteractiveControl is a UnresolvedType and not an interface (class sap.m.Button implements it) [SAPUI5:1.120.0]
Unknown type: sap.m.IToolbarInteractiveControl [SAPUI5:1.120.0]
sap.m.IToolbarInteractiveControl is a UnresolvedType and not an interface (class sap.m.CheckBox implements it) [SAPUI5:1.120.0]
Unknown type: sap.m.IToolbarInteractiveControl [SAPUI5:1.120.0]
sap.m.IToolbarInteractiveControl is a UnresolvedType and not an interface (class sap.m.ComboBox implements it) [SAPUI5:1.120.0]
Unknown type: sap.m.IToolbarInteractiveControl [SAPUI5:1.120.0]
sap.m.IToolbarInteractiveControl is a UnresolvedType and not an interface (class sap.m.DateTimeInput implements it) [SAPUI5:1.120.0]
Unknown type: sap.m.IToolbarInteractiveControl [SAPUI5:1.120.0]
sap.m.IToolbarInteractiveControl is a UnresolvedType and not an interface (class sap.m.GenericTag implements it) [SAPUI5:1.120.0]
Unknown type: sap.m.IToolbarInteractiveControl [SAPUI5:1.120.0]
sap.m.IToolbarInteractiveControl is a UnresolvedType and not an interface (class sap.m.Input implements it) [SAPUI5:1.120.0]
Unknown type: sap.m.IToolbarInteractiveControl [SAPUI5:1.120.0]
sap.m.IToolbarInteractiveControl is a UnresolvedType and not an interface (class sap.m.Label implements it) [SAPUI5:1.120.0]
Unknown type: sap.m.IToolbarInteractiveControl [SAPUI5:1.120.0]
sap.m.IToolbarInteractiveControl is a UnresolvedType and not an interface (class sap.m.Link implements it) [SAPUI5:1.120.0]
Unknown type: sap.m.IToolbarInteractiveControl [SAPUI5:1.120.0]
sap.m.IToolbarInteractiveControl is a UnresolvedType and not an interface (class sap.m.MenuButton implements it) [SAPUI5:1.120.0]
Unknown type: sap.m.IToolbarInteractiveControl [SAPUI5:1.120.0]
sap.m.IToolbarInteractiveControl is a UnresolvedType and not an interface (class sap.m.OverflowToolbarButton implements it) [SAPUI5:1.120.0]
Unknown type: sap.m.IToolbarInteractiveControl [SAPUI5:1.120.0]
sap.m.IToolbarInteractiveControl is a UnresolvedType and not an interface (class sap.m.RadioButton implements it) [SAPUI5:1.120.0]
Unknown type: sap.m.IToolbarInteractiveControl [SAPUI5:1.120.0]
sap.m.IToolbarInteractiveControl is a UnresolvedType and not an interface (class sap.m.SearchField implements it) [SAPUI5:1.120.0]
Unknown type: sap.m.IToolbarInteractiveControl [SAPUI5:1.120.0]
sap.m.IToolbarInteractiveControl is a UnresolvedType and not an interface (class sap.m.SegmentedButton implements it) [SAPUI5:1.120.0]
Unknown type: sap.m.IToolbarInteractiveControl [SAPUI5:1.120.0]
sap.m.IToolbarInteractiveControl is a UnresolvedType and not an interface (class sap.m.Select implements it) [SAPUI5:1.120.0]
Unknown type: sap.m.IToolbarInteractiveControl [SAPUI5:1.120.0]
sap.m.IToolbarInteractiveControl is a UnresolvedType and not an interface (class sap.m.SplitButton implements it) [SAPUI5:1.120.0]
Unknown type: sap.m.IToolbarInteractiveControl [SAPUI5:1.120.0]
sap.m.IToolbarInteractiveControl is a UnresolvedType and not an interface (class sap.m.Switch implements it) [SAPUI5:1.120.0]
Unknown type: sap.m.IToolbarInteractiveControl [SAPUI5:1.120.0]
sap.m.IToolbarInteractiveControl is a UnresolvedType and not an interface (class sap.m.Text implements it) [SAPUI5:1.120.0]
Unknown type: sap.m.internal.ToggleSpinButton [SAPUI5:1.120.0]
Unknown type: sap.m.TimePickerClock [SAPUI5:1.120.0]
Unknown type: sap.m.IToolbarInteractiveControl [SAPUI5:1.120.0]
sap.m.IToolbarInteractiveControl is a UnresolvedType and not an interface (class sap.m.Title implements it) [SAPUI5:1.120.0]
Unknown type: sap.m.IToolbarInteractiveControl [SAPUI5:1.120.0]
sap.m.IToolbarInteractiveControl is a UnresolvedType and not an interface (class sap.m.ToggleButton implements it) [SAPUI5:1.120.0]
Unknown type: sap.m.IToolbarInteractiveControl [SAPUI5:1.120.0]
sap.m.IToolbarInteractiveControl is a UnresolvedType and not an interface (class sap.m.VariantManagement implements it) [SAPUI5:1.120.0]
Unknown type: Object<sap.sac.df.model.Dimension> [SAPUI5:1.120.0]
Unknown type: Object<sap.sac.df.model.Measure> [SAPUI5:1.120.0]
Unknown type: Object<sap.sac.df.model.Variable> [SAPUI5:1.120.0]
Unknown type: Object<sap.sac.df.model.DataProvider> [SAPUI5:1.120.0]
Unknown type: Object<sap.sac.df.model.VariableGroup> [SAPUI5:1.120.0]
Unknown type: sap.ui.comp.IDropDownTextArrangement [SAPUI5:1.120.0]
sap.ui.comp.IDropDownTextArrangement is a UnresolvedType and not an interface (class sap.ui.comp.odata.ComboBox implements it) [SAPUI5:1.120.0]
Unknown type: sap.ui.comp.IDropDownTextArrangement [SAPUI5:1.120.0]
sap.ui.comp.IDropDownTextArrangement is a UnresolvedType and not an interface (class sap.ui.comp.smartfilterbar.SFBMultiComboBox implements it) [SAPUI5:1.120.0]
Unknown type: null [SAPUI5:1.120.0]
Unknown type: null [SAPUI5:1.120.0]
Unknown type: null [SAPUI5:1.120.0]
Unknown type: Promise<T> [SAPUI5:1.120.0]
Unknown type: Date [SAPUI5:1.120.0]
Date is a UnresolvedType and not a class (class module:sap/ui/core/date/UI5Date extends it) [SAPUI5:1.120.0]
Unknown type: Storage [SAPUI5:1.120.0]
Unknown type: SourceType [SAPUI5:1.120.0]
Unknown type: ParamsType [SAPUI5:1.120.0]
Unknown type: sap.ui.core.mvc.XMLProcessingMode [SAPUI5:1.120.0]
Unknown type: sap.ui.core.mvc.XMLProcessingMode [SAPUI5:1.120.0]
Unknown type: sap.ui.core.routing.TargetCache [SAPUI5:1.120.0]
Unknown type: Array<Object<string,any>> [SAPUI5:1.120.0]
Unknown type: "skipServerCache" [SAPUI5:1.120.0]
Unknown type: Date [SAPUI5:1.120.0]
Unknown type: Date [SAPUI5:1.120.0]
Unknown type: Date [SAPUI5:1.120.0]
Unknown type: Date [SAPUI5:1.120.0]
Unknown type: Date [SAPUI5:1.120.0]
Unknown type: Date [SAPUI5:1.120.0]
Unknown type: RegExp [SAPUI5:1.120.0]
Unknown type: Date [SAPUI5:1.120.0]
Unknown type: Date [SAPUI5:1.120.0]
Unknown type: XMLDocument [SAPUI5:1.120.0]
Unknown type: this [SAPUI5:1.120.0]
Unknown type: QUnit.Assert [SAPUI5:1.120.0]
Unknown type: this [SAPUI5:1.120.0]
Unknown type: QUnit.Assert [SAPUI5:1.120.0]
Unknown type: sap.ui.fl.descriptorRelated.api.DescriptorInlineChange [SAPUI5:1.120.0]
Unknown type: sap.m.IToolbarInteractiveControl [SAPUI5:1.120.0]
sap.m.IToolbarInteractiveControl is a UnresolvedType and not an interface (class sap.ui.fl.variants.VariantManagement implements it) [SAPUI5:1.120.0]
Unknown type: sap.ui.fl.FlexController [SAPUI5:1.120.0]
Unknown type: sap.ui.generic.app.util.Queue [SAPUI5:1.120.0]
Unknown type: sap.ui.generic.app.util.Queue [SAPUI5:1.120.0]
Unknown type: sap.ui.generic.app.util.Queue [SAPUI5:1.120.0]
Unknown type: sap.ui.integration.cards.filters.FilterBar [SAPUI5:1.120.0]
Unknown type: sap.ui.mdc.chart.ChartToolbar [SAPUI5:1.120.0]
Unknown default aggregation content in class sap.ui.mdc.valuehelp.Dialog [SAPUI5:1.120.0]
Unknown default aggregation content in class sap.ui.mdc.valuehelp.Popover [SAPUI5:1.120.0]
Unknown type: sap.ui.vk.RedlineComment [SAPUI5:1.120.0]
Unknown type: THREE.Scene [SAPUI5:1.120.0]
Unknown type: sap.ui.vk.ToggleMenuItem [SAPUI5:1.120.0]
Unknown type: sap.ui.vk.ToggleMenuItem [SAPUI5:1.120.0]
Unknown type: sap.ushell.ui.tile.TileBase [SAPUI5:1.120.0]
sap.ushell.ui.tile.TileBase is a UnresolvedType and not a class (class sap.ushell.ui.tile.StaticTile extends it) [SAPUI5:1.120.0]
Unknown type:  [SAPUI5:1.120.0]
Unknown type: null [SAPUI5:1.120.0]
Unknown type: null [SAPUI5:1.120.0]
Unknown type: null [SAPUI5:1.120.0]
Unknown type: sap.fe.core.converters.ManifestSettings.HorizontalAlign [SAPUI5:1.120.0]
Unknown type: Date [SAPUI5:1.120.0]
Unknown type: {value:string,append:boolean} [SAPUI5:1.120.0]
Unknown type: {value:string,append:boolean} [SAPUI5:1.120.0]
Unknown type: null [SAPUI5:1.120.0]
Unknown type: null [SAPUI5:1.120.0]
Unknown type: sap.ui.commons.UserInputInfo [SAPUI5:1.120.0]
Unknown type: null [SAPUI5:1.120.0]
Unknown type: sap.ui.comp.SmartChart.Variant.Dimeasure [SAPUI5:1.120.0]
Unknown type: sap.ui.comp.SmartChart.Variant.Filter [SAPUI5:1.120.0]
Unknown type: sap.ui.comp.SmartChart.Variant.Sort [SAPUI5:1.120.0]
Unknown type: "A" [SAPUI5:1.120.0]
Unknown type: "B" [SAPUI5:1.120.0]
Unknown type: "error" [SAPUI5:1.120.0]
Unknown type: "warning" [SAPUI5:1.120.0]
Unknown type: PerformanceResourceTiming [SAPUI5:1.120.0]
Unknown type: "X" [SAPUI5:1.120.0]
Unknown type: "" [SAPUI5:1.120.0]
Unknown type: PerformanceResourceTiming [SAPUI5:1.120.0]
Unknown type: "hidden" [SAPUI5:1.120.0]
Unknown type: "public" [SAPUI5:1.120.0]
Unknown type: "bindable" [SAPUI5:1.120.0]
Unknown type: "hidden" [SAPUI5:1.120.0]
Unknown type: "public" [SAPUI5:1.120.0]
Unknown type: "hidden" [SAPUI5:1.120.0]
Unknown type: "public" [SAPUI5:1.120.0]
Unknown type: "Accessibility" [SAPUI5:1.120.0]
Unknown type: "Appearance" [SAPUI5:1.120.0]
Unknown type: "Behavior" [SAPUI5:1.120.0]
Unknown type: "Data" [SAPUI5:1.120.0]
Unknown type: "Designtime" [SAPUI5:1.120.0]
Unknown type: "Dimension" [SAPUI5:1.120.0]
Unknown type: "Identification" [SAPUI5:1.120.0]
Unknown type: "Misc" [SAPUI5:1.120.0]
Unknown type: "bindable" [SAPUI5:1.120.0]
Unknown type: null [SAPUI5:1.120.0]
Unknown type: null [SAPUI5:1.120.0]
Unknown type: null [SAPUI5:1.120.0]
Unknown type: false [SAPUI5:1.120.0]
Unknown type: "json" [SAPUI5:1.120.0]
Unknown type: 1 [SAPUI5:1.120.0]
Unknown type: 2 [SAPUI5:1.120.0]
Unknown type: 4 [SAPUI5:1.120.0]
Unknown type: DOMRect [SAPUI5:1.120.0]
Unknown type: DOMRect [SAPUI5:1.120.0]
Unknown type: "component" [SAPUI5:1.120.0]
Unknown type: RegExp [SAPUI5:1.120.0]
Unknown type: "property" [SAPUI5:1.120.0]
Unknown type: "property" [SAPUI5:1.120.0]
Unknown type: "property" [SAPUI5:1.120.0]
Unknown type: "style" [SAPUI5:1.120.0]
Unknown type: "textContent" [SAPUI5:1.120.0]
Unknown type: "slot" [SAPUI5:1.120.0]
Unknown type: "none" [SAPUI5:1.120.0]
Unknown type: "property" [SAPUI5:1.120.0]
Unknown type: "style" [SAPUI5:1.120.0]
Unknown type: "textContent" [SAPUI5:1.120.0]
Unknown type: "slot" [SAPUI5:1.120.0]
Unknown type: "none" [SAPUI5:1.120.0]
Unknown type: "false" [SAPUI5:1.120.0]
Unknown type: "true" [SAPUI5:1.120.0]
Unknown type: "false" [SAPUI5:1.120.0]
Unknown type: "true" [SAPUI5:1.120.0]
Unknown type: "0" [SAPUI5:1.120.0]
Unknown type: "0..1" [SAPUI5:1.120.0]
Unknown type: "*" [SAPUI5:1.120.0]
Unknown type: "Edm.Binary" [SAPUI5:1.120.0]
Unknown type: "false" [SAPUI5:1.120.0]
Unknown type: "true" [SAPUI5:1.120.0]
Unknown type: "Edm.Boolean" [SAPUI5:1.120.0]
Unknown type: "true" [SAPUI5:1.120.0]
Unknown type: "false" [SAPUI5:1.120.0]
Unknown type: "Edm.Byte" [SAPUI5:1.120.0]
Unknown type: "Edm.DateTimeOffset" [SAPUI5:1.120.0]
Unknown type: "Edm.DateTime" [SAPUI5:1.120.0]
Unknown type: "Edm.Decimal" [SAPUI5:1.120.0]
Unknown type: "Edm.Double" [SAPUI5:1.120.0]
Unknown type: "false" [SAPUI5:1.120.0]
Unknown type: "true" [SAPUI5:1.120.0]
Unknown type: "GET" [SAPUI5:1.120.0]
Unknown type: "POST" [SAPUI5:1.120.0]
Unknown type: "false" [SAPUI5:1.120.0]
Unknown type: "true" [SAPUI5:1.120.0]
Unknown type: "In" [SAPUI5:1.120.0]
Unknown type: "InOut" [SAPUI5:1.120.0]
Unknown type: "Out" [SAPUI5:1.120.0]
Unknown type: "Edm.Guid" [SAPUI5:1.120.0]
Unknown type: "Edm.Int16" [SAPUI5:1.120.0]
Unknown type: "Edm.Int32" [SAPUI5:1.120.0]
Unknown type: "Edm.Int64" [SAPUI5:1.120.0]
Unknown type: "Edm.SByte" [SAPUI5:1.120.0]
Unknown type: "Edm.Single" [SAPUI5:1.120.0]
Unknown type: "Edm.Stream" [SAPUI5:1.120.0]
Unknown type: "false" [SAPUI5:1.120.0]
Unknown type: "true" [SAPUI5:1.120.0]
Unknown type: "Edm.String" [SAPUI5:1.120.0]
Unknown type: "false" [SAPUI5:1.120.0]
Unknown type: "true" [SAPUI5:1.120.0]
Unknown type: "false" [SAPUI5:1.120.0]
Unknown type: "true" [SAPUI5:1.120.0]
Unknown type: "Edm.Time" [SAPUI5:1.120.0]
Unknown type: "com.sap.vocabularies.Common.v1.ValueListParameterConstant" [SAPUI5:1.120.0]
Unknown type: "com.sap.vocabularies.Common.v1.ValueListParameterDisplayOnly" [SAPUI5:1.120.0]
Unknown type: "com.sap.vocabularies.Common.v1.ValueListParameterIn" [SAPUI5:1.120.0]
Unknown type: "com.sap.vocabularies.Common.v1.ValueListParameterInOut" [SAPUI5:1.120.0]
Unknown type: "com.sap.vocabularies.Common.v1.ValueListParameterOut" [SAPUI5:1.120.0]
Unknown type: Error [SAPUI5:1.120.0]
Unknown type: Error [SAPUI5:1.120.0]
Unknown type: Error [SAPUI5:1.120.0]
Unknown type: Promise [SAPUI5:1.120.0]
Unknown type: Document [SAPUI5:1.120.0]
Unknown type: RegExp [SAPUI5:1.120.0]
Unknown type: RegExp [SAPUI5:1.120.0]
Unknown type: Response [SAPUI5:1.120.0]
Unknown type: 'tag' [SAPUI5:1.120.0]
Unknown type: 'propertyName' [SAPUI5:1.120.0]
Unknown type: Promise<sap.ui.mdc.link.LinkType> [SAPUI5:1.120.0]
Unknown type: "CLEAN" [SAPUI5:1.120.0]
Unknown type: "DIRTY" [SAPUI5:1.120.0]
Unknown type: "MAYBE_DIRTY" [SAPUI5:1.120.0]
Unknown type: sap.ushell.services.PersonalizationV2.constants.keyCategory [SAPUI5:1.120.0]
Unknown type: sap.ushell.services.PersonalizationV2.constants.writeFrequency [SAPUI5:1.120.0]
