2024-01-07 11:26:11.505 [error] No bundle location found for extension SAPSE.sap-ux-annotation-modeler-extension
2024-01-07 11:26:11.505 [error] No bundle location found for extension SAPOSS.xml-toolkit
2024-01-07 11:26:11.906 [error] No bundle location found for extension vscode.emmet
2024-01-07 11:26:12.524 [error] No bundle location found for extension SAP.vscode-watt-framework-extension
2024-01-07 11:26:12.707 [error] No bundle location found for extension SAPOSS.app-studio-toolkit
2024-01-07 11:26:13.301 [error] No bundle location found for extension SAPSE.fs-usage-popup-vscode-extensions
2024-01-07 11:26:13.301 [error] No bundle location found for extension SAPOSS.code-snippet
2024-01-07 11:26:13.428 [error] No bundle location found for extension SAPOSS.app-studio-toolkit-themes
2024-01-07 11:26:13.428 [error] No bundle location found for extension vscode.git-base
2024-01-07 11:26:13.447 [error] No bundle location found for extension SAPSE.sap-ux-application-modeler-extension
2024-01-07 11:26:15.053 [error] No bundle location found for extension SAPSE.sap-ux-service-modeler-extension
2024-01-07 11:26:15.955 [error] No bundle location found for extension SAPSE.npm-task-contrib
2024-01-07 11:26:16.088 [error] No bundle location found for extension SAPSE.sap-ux-help-extension
2024-01-07 11:26:17.269 [error] No bundle location found for extension eamodio.gitlens
2024-01-07 11:26:17.269 [error] No bundle location found for extension SAP.vscode-bas-extension
2024-01-07 11:26:17.532 [error] No bundle location found for extension SAPOSS.vscode-dependencies-validation
2024-01-07 11:26:17.532 [error] No bundle location found for extension SAPOSS.vscode-deps-upgrade-tool
2024-01-07 11:26:17.954 [error] No bundle location found for extension SAPSE.vscode-tasks-explorer-tasks-panel
2024-01-07 11:26:18.253 [error] No bundle location found for extension SAPOSS.vscode-ui5-language-assistant
2024-01-07 11:26:18.964 [error] No bundle location found for extension SAP.vscode-wing-cf-tools
2024-01-07 11:26:19.237 [error] No bundle location found for extension SAP.vscode-wing-gerrit
2024-01-07 11:26:19.365 [error] No bundle location found for extension SAPSE.vscode-wing-expose-router-ports
2024-01-07 11:26:19.365 [error] No bundle location found for extension SAP.vscode-wing-run-config
2024-01-07 11:26:19.610 [error] No bundle location found for extension SAP.vscode-bas-extensibility
2024-01-07 11:26:19.622 [error] No bundle location found for extension SAP.mta-editor-vscode
2024-01-07 11:26:19.692 [error] No bundle location found for extension SAP.sap-bas-vscode-w5g
2024-01-07 11:26:19.934 [error] No bundle location found for extension SAPOS.yeoman-ui
2024-01-07 11:26:21.163 [error] No bundle location found for extension SAPSE.lcap-task-contrib
2024-01-07 11:26:21.368 [error] No bundle location found for extension SAP.vscode-wing-welcome-screen
2024-01-07 11:26:21.626 [error] No bundle location found for extension SAPOSS.guided-development
2024-01-07 11:26:21.832 [error] No bundle location found for extension SAPSE.vscode-wing-storyboard
2024-01-07 11:26:22.110 [error] No bundle location found for extension SAPSE.vscode-bas-fiori-tools
2024-01-07 11:26:22.254 [error] No bundle location found for extension vscode.git
2024-01-07 11:26:25.904 [error] No bundle location found for extension SAPSE.vscode-wing-ui5-run
2024-01-07 11:26:25.904 [error] No bundle location found for extension vscode.json-language-features
2024-01-07 11:26:26.397 [error] No bundle location found for extension vscode.typescript-language-features
2024-01-07 11:26:27.468 [error] No bundle location found for extension SAP.adp-ve-bas-ext
2024-01-07 11:26:27.468 [error] No bundle location found for extension SAPSE.vscode-mta-tools
2024-01-07 11:26:32.916 [error] No bundle location found for extension SAPSE.cicd-extension
2024-01-07 11:26:34.537 [error] No bundle location found for extension vscode.debug-auto-launch
2024-01-07 11:26:34.537 [error] No bundle location found for extension vscode.merge-conflict
