2024-01-04 11:10:24.248 [error] No bundle location found for extension vscode.typescript-language-features
2024-01-04 11:10:24.397 [error] No bundle location found for extension vscode.emmet
2024-01-04 11:10:24.757 [error] No bundle location found for extension SAPOSS.app-studio-toolkit
2024-01-04 11:10:24.757 [error] No bundle location found for extension SAPSE.fs-usage-popup-vscode-extensions
2024-01-04 11:10:25.867 [error] No bundle location found for extension SAP.vscode-watt-framework-extension
2024-01-04 11:10:26.030 [error] No bundle location found for extension SAPOSS.app-studio-toolkit-themes
2024-01-04 11:10:26.030 [error] No bundle location found for extension SAPOSS.code-snippet
2024-01-04 11:10:26.115 [error] No bundle location found for extension eamodio.gitlens
2024-01-04 11:10:26.175 [error] No bundle location found for extension SAPSE.npm-task-contrib
2024-01-04 11:10:26.175 [error] No bundle location found for extension vscode.git-base
2024-01-04 11:10:26.222 [error] No bundle location found for extension SAP.vscode-bas-extension
2024-01-04 11:10:26.437 [error] No bundle location found for extension SAPSE.sap-ux-service-modeler-extension
2024-01-04 11:10:26.437 [error] No bundle location found for extension SAPSE.sap-ux-help-extension
2024-01-04 11:10:28.564 [error] No bundle location found for extension SAPSE.sap-ux-application-modeler-extension
2024-01-04 11:10:28.570 [error] No bundle location found for extension SAPOSS.vscode-dependencies-validation
2024-01-04 11:10:30.274 [error] No bundle location found for extension SAPOSS.vscode-ui5-language-assistant
2024-01-04 11:10:31.029 [error] No bundle location found for extension SAPOSS.vscode-deps-upgrade-tool
2024-01-04 11:10:31.260 [error] No bundle location found for extension SAPSE.vscode-tasks-explorer-tasks-panel
2024-01-04 11:10:31.260 [error] No bundle location found for extension SAP.vscode-wing-cf-tools
2024-01-04 11:10:31.746 [error] No bundle location found for extension SAP.vscode-wing-gerrit
2024-01-04 11:10:31.746 [error] No bundle location found for extension SAPSE.vscode-wing-expose-router-ports
2024-01-04 11:10:31.746 [error] No bundle location found for extension SAP.vscode-wing-run-config
2024-01-04 11:10:32.540 [error] No bundle location found for extension SAPSE.lcap-task-contrib
2024-01-04 11:10:32.540 [error] No bundle location found for extension SAPOSS.guided-development
2024-01-04 11:10:32.540 [error] No bundle location found for extension SAPOS.yeoman-ui
2024-01-04 11:10:32.540 [error] No bundle location found for extension SAPSE.vscode-wing-storyboard
2024-01-04 11:10:32.540 [error] No bundle location found for extension SAP.vscode-wing-welcome-screen
2024-01-04 11:10:34.084 [error] No bundle location found for extension SAP.vscode-bas-extensibility
2024-01-04 11:10:34.222 [error] No bundle location found for extension SAP.mta-editor-vscode
2024-01-04 11:10:34.310 [error] No bundle location found for extension SAP.sap-bas-vscode-w5g
2024-01-04 11:10:34.310 [error] No bundle location found for extension SAPSE.vscode-bas-fiori-tools
2024-01-04 11:10:34.411 [error] No bundle location found for extension vscode.git
2024-01-04 11:10:35.186 [error] No bundle location found for extension SAPSE.vscode-wing-ui5-run
2024-01-04 11:10:35.592 [error] No bundle location found for extension SAPSE.cicd-extension
2024-01-04 11:10:35.669 [error] No bundle location found for extension SAP.adp-ve-bas-ext
2024-01-04 11:10:36.368 [error] No bundle location found for extension SAPSE.vscode-mta-tools
2024-01-04 11:10:36.494 [error] No bundle location found for extension vscode.debug-auto-launch
2024-01-04 11:10:36.494 [error] No bundle location found for extension vscode.merge-conflict
