08:14:25 [INFO] - Running activation sequence for Fiori tools - Application Modeler
08:14:25 [INFO] - Configurations: 'sap.ux.applicationModeler.showJsonSchemas': false; isTheia(): false; isAppStudio(): true
08:14:25 [INFO] - isBASVEExtInstalled(): true
08:14:25 [INFO] - AppFolders: starting processing setAppFoldersContext()
08:14:25 [INFO] - Register Fiori tools file system for configurations...
08:14:25 [INFO] - ...Fiori tools file system registered in 0.581ms
08:14:25 [INFO] - Register views for configurations...
08:14:25 [INFO] - ...views for configurations registered in 0.754ms
08:14:25 [INFO] - Register commands...
08:14:25 [INFO] - ...commands registered in 2.974ms
08:14:25 [INFO] - Activating sync module...
08:14:25 [INFO] - Virtual file system ftfs initialized in 0.109ms
08:14:25 [INFO] - Searching for projects in these workspace folders: 
[ '/home/user' ]
08:14:37 [INFO] - SAP UX projects found and added in 11949.414ms
08:14:37 [INFO] - Start watching **/package.json
08:14:37 [INFO] - package.json watched in 0.841ms
08:14:37 [INFO] - Start watching for workspace folder changes
08:14:37 [INFO] - Workspace folders watched in 0.604ms
08:14:37 [INFO] - Configs watched in 0.151ms
08:14:37 [INFO] - ...sync module activated in 11953.405ms
08:14:37 [INFO] - Register serializers...
08:14:37 [INFO] - ...serializers registered in 0.574ms
08:14:37 [INFO] - Activating launch config integration
08:14:37 [INFO] - Handler for Fiori launch configuration registered
08:14:37 [INFO] - ...launch config integration activated in 0.758ms
08:14:37 [INFO] - Activating migration module...
08:14:37 [INFO] - Migration start watching for workspace folder changes
08:14:37 [INFO] - Workspace folders watched in 0.397ms
08:14:37 [INFO] - Migration start watching **/package.json
08:14:37 [INFO] - package.json watched in 0.381ms
08:14:37 [INFO] - Migration start watching **/pom.xml
08:14:37 [INFO] - pom.xml watched in 0.391ms
08:14:37 [INFO] - Migration start watching **/neo-app.json
08:14:37 [INFO] - neo-app.json watched in 0.352ms
08:14:37 [INFO] - Migration start watching **/manifest.json
08:14:37 [INFO] - manifest.json watched in 0.314ms
08:14:37 [INFO] - ...migration module activated in 3.866ms
08:14:37 [INFO] - Register uri handler...
08:14:37 [INFO] - ...uri handler registered in 0.253ms
08:14:37 [INFO] - activation sequence for Fiori tools - Application Modeler done in 12049.247ms
08:15:02 [INFO] - AppFolders:
	projectRoots: 8
	appRoots: 8
	webappRoots: 8
	subWebappRoots: 91
	localServiceRoots: 0
	adaptationAppRoots: 0
	adaptationWebappRoots: 0
	extensionAppRoots: 0
	extensionWebappRoots: 0
	libraryRoots: 4
	localAnnotationRoots: 0
	EDMXWithServiceRoots: 0
	EDMXLocalServiceRoots: 0
08:15:02 [INFO] - AppFolders: Function setContext() done in 37049.527ms
08:16:02 [INFO] - AppFolders: Directory 'file:///home/user/projects/s330601' changed, updating app folders in context. 
08:16:03 [INFO] - AppFolders: Directory 'file:///home/user/projects/s330601/webapp/view' changed, updating app folders in context. 
08:16:09 [INFO] - AppFolders: Directory 'file:///home/user/projects/s330601/node_modules/yaml' changed, updating app folders in context. 
08:16:16 [INFO] - AppFolders: Directory 'file:///home/user/projects/s330601/node_modules/.bin' changed, updating app folders in context. 
08:16:16 [ERROR] - AppFolders: Error when handling file system event for 'file:///home/user/projects/s330601/node_modules/fsevents'
08:16:17 [INFO] - Post application generation command received. New app root: /home/user/projects/s330601
08:16:17 [INFO] - Starting application info for '/home/user/projects/s330601'
08:16:19 [INFO] - AppFolders: Directory 'file:///home/user/projects/s330601/webapp/cot' changed, updating app folders in context. 
08:16:19 [WARN] - Error during processing of application info for '/home/user/projects/s330601'. Error was: 
[TypeError: The "path" argument must be of type string. Received undefined
	at new NodeError (node:internal/errors:405:5)
	at validateString (node:internal/validators:162:11)
	at join (node:path:1171:7)
	at lTr.readAppWithPages (/extbin/local/openvscode-server/extensions/sap-ux-application-modeler-extension-1.12.1/dist/extension-min.js:1160:3787)
	at getPages (/extbin/local/openvscode-server/extensions/sap-ux-application-modeler-extension-1.12.1/dist/extension-min.js:3060:101241)
	at Geo.vt.t.appRoot (/extbin/local/openvscode-server/extensions/sap-ux-application-modeler-extension-1.12.1/dist/extension-min.js:3062:9680)
	at getPropertySafely (/extbin/local/openvscode-server/extensions/sap-ux-application-modeler-extension-1.12.1/dist/extension-min.js:3062:8147)
	at getApplicationInfo (/extbin/local/openvscode-server/extensions/sap-ux-application-modeler-extension-1.12.1/dist/extension-min.js:3062:9637)
	at async sendApplicationInfoToWebapp (/extbin/local/openvscode-server/extensions/sap-ux-application-modeler-extension-1.12.1/dist/extension-min.js:3062:11553)] {
  code: 'ERR_INVALID_ARG_TYPE'
}
08:16:19 [WARN] - Error during processing of application info for '/home/user/projects/s330601'. Error was: 
[Error: Could not determine OData version from manifest.
	at getOdataVersion (/extbin/local/openvscode-server/extensions/sap-ux-application-modeler-extension-1.12.1/dist/extension-min.js:3060:101618)
	at /extbin/local/openvscode-server/extensions/sap-ux-application-modeler-extension-1.12.1/dist/extension-min.js:3062:9761
	at getAdpOrDefault (/extbin/local/openvscode-server/extensions/sap-ux-application-modeler-extension-1.12.1/dist/extension-min.js:3062:8067)
	at Geo.vt.t.appRoot (/extbin/local/openvscode-server/extensions/sap-ux-application-modeler-extension-1.12.1/dist/extension-min.js:3062:9751)
	at getPropertySafely (/extbin/local/openvscode-server/extensions/sap-ux-application-modeler-extension-1.12.1/dist/extension-min.js:3062:8147)
	at getApplicationInfo (/extbin/local/openvscode-server/extensions/sap-ux-application-modeler-extension-1.12.1/dist/extension-min.js:3062:9744)
	at async sendApplicationInfoToWebapp (/extbin/local/openvscode-server/extensions/sap-ux-application-modeler-extension-1.12.1/dist/extension-min.js:3062:11553)]
08:16:19 [WARN] - Error during processing of application info for '/home/user/projects/s330601'. Error was: 
[Error: Can't get main service from manifest.json of project 
	at getServiceLinks (/extbin/local/openvscode-server/extensions/sap-ux-application-modeler-extension-1.12.1/dist/extension-min.js:3060:102955)
	at /extbin/local/openvscode-server/extensions/sap-ux-application-modeler-extension-1.12.1/dist/extension-min.js:3062:10058
	at getAdpOrDefault (/extbin/local/openvscode-server/extensions/sap-ux-application-modeler-extension-1.12.1/dist/extension-min.js:3062:8067)
	at Geo.vt.t.appRoot (/extbin/local/openvscode-server/extensions/sap-ux-application-modeler-extension-1.12.1/dist/extension-min.js:3062:10048)
	at getPropertySafely (/extbin/local/openvscode-server/extensions/sap-ux-application-modeler-extension-1.12.1/dist/extension-min.js:3062:8147)
	at getApplicationInfo (/extbin/local/openvscode-server/extensions/sap-ux-application-modeler-extension-1.12.1/dist/extension-min.js:3062:10036)
	at async sendApplicationInfoToWebapp (/extbin/local/openvscode-server/extensions/sap-ux-application-modeler-extension-1.12.1/dist/extension-min.js:3062:11553)]
08:16:19 [INFO] - Application information collected in 732.859ms
08:16:19 [INFO] - App info for '/home/user/projects/s330601':
 {
  "appRoot": "/home/user/projects/s330601",
  "backend": "EDMX Backend",
  "commands": [
    {
      "tags": [
        "SAP Fiori elements",
        "SAPUI5 freestyle",
        "SAPUI5 Extension",
        "v2",
        "v4",
        "EDMX Backend",
        "CAP Node.js",
        "Fiori Adaptation"
      ],
      "commandLabel": "Preview Application",
      "commandDescription": "Choose from start scripts to run the application preview.",
      "commandIcon": "Preview",
      "exec": {
        "commandId": "sap.ux.pageEditor.previewExternal",
        "argument": {
          "fsPath": "/home/user/projects/s330601"
        }
      }
    },
    {
      "tags": [
        "SAP Fiori elements",
        "SAPUI5 freestyle",
        "v2",
        "v4",
        "EDMX Backend"
      ],
      "commandLabel": "Manage Service Models",
      "commandDescription": "You can sync metadata.xml with backend.",
      "commandIcon": "Association",
      "exec": {
        "commandId": "sap.ux.serviceModeler.openServiceMgr",
        "argument": {
          "fsPath": "/home/user/projects/s330601/webapp/manifest.json"
        }
      }
    },
    {
      "tags": [
        "SAP Fiori elements",
        "SAPUI5 freestyle",
        "v2",
        "v4",
        "EDMX Backend"
      ],
      "commandLabel": "Manage XML Annotations",
      "commandDescription": "You can choose or create local XML annotation files.",
      "commandIcon": "Annotation",
      "exec": {
        "commandId": "sap.ux.serviceModeler.openAnnotationFileMgr",
        "argument": {
          "fsPath": "/home/user/projects/s330601/webapp/manifest.json"
        }
      }
    },
    {
      "tags": [
        "SAP Fiori elements",
        "SAPUI5 freestyle",
        "SAPUI5 Extension",
        "v2",
        "v4",
        "EDMX Backend",
        "CAP Node.js",
        "Fiori Reuse"
      ],
      "commandLabel": "Add Deploy Config",
      "commandDescription": "Add deploy configuration.",
      "commandIcon": "Add",
      "exec": {
        "commandId": "sap.ux.appGenerator.launchDeployConfig",
        "argument": {
          "fsPath": "/home/user/projects/s330601",
          "arguments": {
            "source": "application-info"
          }
        }
      }
    },
    {
      "tags": [
        "SAP Fiori elements",
        "SAPUI5 freestyle",
        "SAPUI5 Extension",
        "v2",
        "v4",
        "EDMX Backend",
        "CAP Node.js",
        "CAP Java"
      ],
      "commandLabel": "Add Fiori Launchpad Config",
      "commandDescription": "Add Flp configuration to the application.",
      "commandIcon": "Add",
      "exec": {
        "commandId": "sap.ux.appGenerator.launchFlpConfig",
        "argument": {
          "fsPath": "/home/user/projects/s330601",
          "arguments": {
            "source": "application-info"
          }
        },
        "onDone": {
          "watchPath": "/home/user/projects/s330601/package.json",
          "activities": [
            "REFRESH"
          ]
        }
      }
    },
    {
      "tags": [
        "SAP Fiori elements",
        "SAPUI5 freestyle",
        "SAPUI5 Extension",
        "v2",
        "v4",
        "EDMX Backend",
        "CAP Node.js",
        "Fiori Reuse"
      ],
      "commandLabel": "Deploy",
      "commandDescription": "Deploy according to the configuration by default stored in 'ui5-deploy.yaml'.",
      "commandIcon": "World",
      "exec": {
        "commandId": "sap.ux.appGenerator.launchDeploy",
        "argument": {
          "fsPath": "/home/user/projects/s330601",
          "arguments": {
            "source": "application-info"
          }
        },
        "onDone": {
          "watchPath": "/home/user/projects/s330601/package.json",
          "activities": [
            "REFRESH"
          ]
        }
      }
    },
    {
      "tags": [
        "SAP Fiori elements",
        "SAPUI5 freestyle",
        "SAPUI5 Extension",
        "v2",
        "v4",
        "EDMX Backend",
        "CAP Node.js",
        "CAP Java",
        "Fiori Adaptation"
      ],
      "commandLabel": "Check Node Modules",
      "commandDescription": "Execute command that checks all node module dependencies for newer versions.",
      "commandIcon": "Cleanup",
      "exec": {
        "cwd": "/home/user/projects/s330601",
        "arguments": [
          "npm",
          "outdated"
        ]
      }
    },
    {
      "tags": [
        "SAP Fiori elements",
        "SAPUI5 freestyle",
        "v2",
        "v4",
        "EDMX Backend"
      ],
      "commandLabel": "Add Variants Config",
      "commandDescription": "Add Configuration for Variants Creation.",
      "commandIcon": "Edit",
      "exec": {
        "commandId": "sap.ux.applicationModeler.addVariantsConfig",
        "argument": {
          "fsPath": "/home/user/projects/s330601"
        }
      }
    },
    {
      "tags": [
        "SAP Fiori elements",
        "SAPUI5 freestyle",
        "v2",
        "v4",
        "EDMX Backend"
      ],
      "commandLabel": "Add Mockserver Config",
      "commandDescription": "Add configuration for mockserver middleware",
      "commandIcon": "Add",
      "exec": {
        "cwd": "/home/user/projects/s330601",
        "arguments": [
          "npx",
          "--yes",
          "@sap-ux/create@latest",
          "add",
          "mockserver-config"
        ]
      }
    },
    {
      "tags": [
        "SAP Fiori elements",
        "SAPUI5 freestyle",
        "v2",
        "v4",
        "EDMX Backend"
      ],
      "commandLabel": "Maintain Mockdata",
      "commandDescription": "Start editor for maintaining mock data.",
      "commandIcon": "Data",
      "exec": {
        "commandId": "sap.ux.dataEditor.open",
        "argument": {
          "fsPath": "/home/user/projects/s330601"
        }
      }
    },
    {
      "tags": [
        "SAP Fiori elements",
        "SAPUI5 freestyle",
        "SAPUI5 Extension",
        "v2",
        "v4",
        "EDMX Backend",
        "CAP Node.js",
        "CAP Java"
      ],
      "commandLabel": "Create Archive",
      "commandDescription": "Zip the project excluding the node_modules for sharing (e.g. support cases)",
      "commandIcon": "FolderOpened",
      "exec": {
        "commandId": "sap.ux.environmentcheck.archiveProject",
        "argument": {
          "fsPath": "/home/user/projects/s330601"
        }
      }
    },
    {
      "tags": [
        "SAP Fiori elements",
        "SAPUI5 freestyle",
        "SAPUI5 Extension",
        "v2",
        "v4",
        "EDMX Backend",
        "CAP Node.js",
        "CAP Java"
      ],
      "commandLabel": "Change minUI5Version",
      "commandDescription": "Change the minimum version of SAPUI5 that this application requires.",
      "commandIcon": "Ui5",
      "exec": {
        "commandId": "sap.ux.applicationModeler.changeMinUI5Version",
        "argument": {
          "fsPath": "/home/user/projects/s330601"
        }
      }
    }
  ],
  "description": "A Fiori application.",
  "documentationLinks": [
    {
      "tags": [
        "SAPUI5 freestyle",
        "Fiori Reuse"
      ],
      "text": "Developing apps",
      "url": "https://ui5.sap.com/#/topic/23cfd955f58142389fa7c9097e11559c"
    },
    {
      "tags": [
        "EDMX Backendv2",
        "EDMX Backendv4",
        "CAP Node.jsv4",
        "CAP Javav4",
        "SAPUI5 freestyle",
        "Fiori Reuse"
      ],
      "text": "SAP Fiori tools Community",
      "url": "https://answers.sap.com/tags/73555000100800002345"
    },
    {
      "tags": [
        "EDMX Backendv2",
        "EDMX Backendv4",
        "CAP Node.jsv4",
        "CAP Javav4",
        "SAPUI5 freestyle",
        "Fiori Reuse",
        "Fiori Adaptation"
      ],
      "text": "SAPUI5 Help",
      "url": "https://ui5.sap.com/#/topic"
    },
    {
      "tags": [
        "EDMX Backendv2",
        "EDMX Backendv4",
        "CAP Node.jsv4",
        "CAP Javav4",
        "SAPUI5 freestyle",
        "Fiori Reuse"
      ],
      "text": "SAP Fiori tools Help",
      "url": "https://help.sap.com/viewer/product/SAP_FIORI_tools/Latest/en-US"
    },
    {
      "tags": [
        "EDMX Backendv2",
        "EDMX Backendv4",
        "CAP Node.jsv4",
        "CAP Javav4",
        "SAPUI5 freestyle",
        "Fiori Reuse",
        "Fiori Adaptation"
      ],
      "text": "SAP Fiori Design Guidelines",
      "url": "https://experience.sap.com/fiori-design-web/"
    },
    {
      "tags": [
        "EDMX Backendv2",
        "EDMX Backendv4",
        "CAP Node.jsv4",
        "CAP Javav4",
        "SAPUI5 freestyle",
        "Fiori Reuse",
        "Fiori Adaptation"
      ],
      "text": "Contact Support",
      "url": "https://help.sap.com/viewer/1bb01966b27a429ebf62fa2e45354fea/Latest/en-US"
    }
  ],
  "fileLinks": [
    {
      "commandLabel": "package.json",
      "commandDescription": "Show file package.json in text editor.",
      "commandIcon": "Edit",
      "exec": {
        "commandId": "sap.ux.applicationModeler.configExplorer.showFile",
        "argument": {
          "uri": {
            "$mid": 1,
            "path": "/home/user/projects/s330601/package.json",
            "scheme": "file"
          }
        }
      }
    },
    {
      "commandLabel": "manifest.json",
      "commandDescription": "Show file manifest.json in text editor.",
      "commandIcon": "Edit",
      "exec": {
        "commandId": "sap.ux.applicationModeler.configExplorer.showFile",
        "argument": {
          "uri": {
            "$mid": 1,
            "path": "/home/user/projects/s330601/webapp/manifest.json",
            "scheme": "file"
          }
        }
      }
    }
  ],
  "location": "/home/user/projects/s330601",
  "minui5version": "1.120.3",
  "name": "s330601",
  "namespace": "",
  "odataversion": "",
  "pages": [],
  "projectRoot": "/home/user/projects/s330601",
  "serviceLinks": [],
  "status": [],
  "title": "Flugverbindungen",
  "reference": "",
  "type": "SAPUI5 freestyle",
  "artifactType": "SAPUI5 freestyle",
  "capProjectType": "",
  "cdsUi5PluginStatus": "not applicable"
}
08:16:20 [INFO] - App status for '/home/user/projects/s330601':
 [
  {
    "statusIcon": "Success",
    "description": "Latest version of node module '@sap/ux-ui5-tooling@1.12.1' installed."
  }
]
08:16:29 [ERROR] - AppFolders: Error when handling file system event for 'file:///home/user/projects/s330601/webapp/cot'
08:16:29 [INFO] - AppFolders: Directory 'file:///home/user/projects/s330601/webapp/containers' changed, updating app folders in context. 
08:17:20 [INFO] - AppFolders: Directory 'file:///home/user/.vscode/data/User/History/-76692dab' changed, updating app folders in context. 
08:20:09 [INFO] - AppFolders:
	projectRoots: 9
	appRoots: 9
	webappRoots: 9
	subWebappRoots: 103
	localServiceRoots: 0
	adaptationAppRoots: 0
	adaptationWebappRoots: 0
	extensionAppRoots: 0
	extensionWebappRoots: 0
	libraryRoots: 4
	localAnnotationRoots: 0
	EDMXWithServiceRoots: 0
	EDMXLocalServiceRoots: 0
08:20:09 [INFO] - AppFolders: Function setContext() done in 246055.788ms
08:20:10 [INFO] - AppFolders:
	projectRoots: 9
	appRoots: 9
	webappRoots: 9
	subWebappRoots: 103
	localServiceRoots: 0
	adaptationAppRoots: 0
	adaptationWebappRoots: 0
	extensionAppRoots: 0
	extensionWebappRoots: 0
	libraryRoots: 4
	localAnnotationRoots: 0
	EDMXWithServiceRoots: 0
	EDMXLocalServiceRoots: 0
08:20:10 [INFO] - AppFolders: Function setContext() done in 247836.301ms
08:20:16 [INFO] - AppFolders:
	projectRoots: 9
	appRoots: 9
	webappRoots: 9
	subWebappRoots: 103
	localServiceRoots: 0
	adaptationAppRoots: 0
	adaptationWebappRoots: 0
	extensionAppRoots: 0
	extensionWebappRoots: 0
	libraryRoots: 4
	localAnnotationRoots: 0
	EDMXWithServiceRoots: 0
	EDMXLocalServiceRoots: 0
08:20:16 [INFO] - AppFolders: Function setContext() done in 247854.606ms
08:20:22 [INFO] - AppFolders:
	projectRoots: 9
	appRoots: 9
	webappRoots: 9
	subWebappRoots: 103
	localServiceRoots: 0
	adaptationAppRoots: 0
	adaptationWebappRoots: 0
	extensionAppRoots: 0
	extensionWebappRoots: 0
	libraryRoots: 4
	localAnnotationRoots: 0
	EDMXWithServiceRoots: 0
	EDMXLocalServiceRoots: 0
08:20:22 [INFO] - AppFolders: Function setContext() done in 245952.415ms
08:20:25 [INFO] - AppFolders:
	projectRoots: 9
	appRoots: 9
	webappRoots: 9
	subWebappRoots: 103
	localServiceRoots: 0
	adaptationAppRoots: 0
	adaptationWebappRoots: 0
	extensionAppRoots: 0
	extensionWebappRoots: 0
	libraryRoots: 4
	localAnnotationRoots: 0
	EDMXWithServiceRoots: 0
	EDMXLocalServiceRoots: 0
08:20:25 [INFO] - AppFolders: Function setContext() done in 245149.905ms
08:20:30 [INFO] - AppFolders:
	projectRoots: 9
	appRoots: 9
	webappRoots: 9
	subWebappRoots: 103
	localServiceRoots: 0
	adaptationAppRoots: 0
	adaptationWebappRoots: 0
	extensionAppRoots: 0
	extensionWebappRoots: 0
	libraryRoots: 4
	localAnnotationRoots: 0
	EDMXWithServiceRoots: 0
	EDMXLocalServiceRoots: 0
08:20:30 [INFO] - AppFolders: Function setContext() done in 240103.551ms
08:20:35 [INFO] - AppFolders:
	projectRoots: 9
	appRoots: 9
	webappRoots: 9
	subWebappRoots: 103
	localServiceRoots: 0
	adaptationAppRoots: 0
	adaptationWebappRoots: 0
	extensionAppRoots: 0
	extensionWebappRoots: 0
	libraryRoots: 4
	localAnnotationRoots: 0
	EDMXWithServiceRoots: 0
	EDMXLocalServiceRoots: 0
08:20:35 [INFO] - AppFolders: Function setContext() done in 195031.997ms
08:29:14 [INFO] - AppFolders: Directory 'file:///home/user/.vscode/data/User/History/-70399f3' changed, updating app folders in context. 
08:29:40 [INFO] - AppFolders:
	projectRoots: 9
	appRoots: 9
	webappRoots: 9
	subWebappRoots: 103
	localServiceRoots: 0
	adaptationAppRoots: 0
	adaptationWebappRoots: 0
	extensionAppRoots: 0
	extensionWebappRoots: 0
	libraryRoots: 4
	localAnnotationRoots: 0
	EDMXWithServiceRoots: 0
	EDMXLocalServiceRoots: 0
08:29:40 [INFO] - AppFolders: Function setContext() done in 25644.402ms
08:30:37 [INFO] - AppFolders: Directory 'file:///home/user/.vscode/data/User/History/43e972d3' changed, updating app folders in context. 
08:31:41 [INFO] - AppFolders:
	projectRoots: 9
	appRoots: 9
	webappRoots: 9
	subWebappRoots: 103
	localServiceRoots: 0
	adaptationAppRoots: 0
	adaptationWebappRoots: 0
	extensionAppRoots: 0
	extensionWebappRoots: 0
	libraryRoots: 4
	localAnnotationRoots: 0
	EDMXWithServiceRoots: 0
	EDMXLocalServiceRoots: 0
08:31:41 [INFO] - AppFolders: Function setContext() done in 63050.527ms
08:54:55 [INFO] - AppFolders: Directory 'file:///home/user/.vscode/data/User/History/-6d7af000' changed, updating app folders in context. 
08:55:43 [INFO] - AppFolders:
	projectRoots: 9
	appRoots: 9
	webappRoots: 9
	subWebappRoots: 103
	localServiceRoots: 0
	adaptationAppRoots: 0
	adaptationWebappRoots: 0
	extensionAppRoots: 0
	extensionWebappRoots: 0
	libraryRoots: 4
	localAnnotationRoots: 0
	EDMXWithServiceRoots: 0
	EDMXLocalServiceRoots: 0
08:55:43 [INFO] - AppFolders: Function setContext() done in 48577.032ms
09:07:17 [INFO] - AppFolders: Directory 'file:///home/user/.vscode/data/User/History/-250cd712' changed, updating app folders in context. 
09:07:29 [ERROR] - AppFolders: Error when handling file system event for 'file:///home/user/.vscode/data/User/History/-76692dab/BjcR.js'
09:07:57 [INFO] - AppFolders:
	projectRoots: 9
	appRoots: 9
	webappRoots: 9
	subWebappRoots: 103
	localServiceRoots: 0
	adaptationAppRoots: 0
	adaptationWebappRoots: 0
	extensionAppRoots: 0
	extensionWebappRoots: 0
	libraryRoots: 4
	localAnnotationRoots: 0
	EDMXWithServiceRoots: 0
	EDMXLocalServiceRoots: 0
09:07:57 [INFO] - AppFolders: Function setContext() done in 40511.729ms
09:08:07 [ERROR] - AppFolders: Error when handling file system event for 'file:///home/user/.vscode/data/User/History/-76692dab/DWUH.js'
09:08:18 [ERROR] - AppFolders: Error when handling file system event for 'file:///home/user/.vscode/data/User/History/-76692dab/dyr3.js'
09:10:31 [ERROR] - AppFolders: Error when handling file system event for 'file:///home/user/.vscode/data/User/History/-76692dab/Z3sK.js'
09:10:46 [ERROR] - AppFolders: Error when handling file system event for 'file:///home/user/.vscode/data/User/History/-76692dab/vzYv.js'
09:11:29 [ERROR] - AppFolders: Error when handling file system event for 'file:///home/user/.vscode/data/User/History/-76692dab/T9MA.js'
09:13:10 [ERROR] - AppFolders: Error when handling file system event for 'file:///home/user/.vscode/data/User/History/-76692dab/gQmI.js'
09:13:44 [ERROR] - AppFolders: Error when handling file system event for 'file:///home/user/.vscode/data/User/History/-76692dab/kqxP.js'
09:13:59 [ERROR] - AppFolders: Error when handling file system event for 'file:///home/user/.vscode/data/User/History/-76692dab/VOoT.js'
09:14:25 [ERROR] - AppFolders: Error when handling file system event for 'file:///home/user/.vscode/data/User/History/-76692dab/Vynq.js'
09:14:59 [ERROR] - AppFolders: Error when handling file system event for 'file:///home/user/.vscode/data/User/History/-76692dab/iBTA.js'
09:15:53 [ERROR] - AppFolders: Error when handling file system event for 'file:///home/user/.vscode/data/User/History/-76692dab/VU5l.js'
09:17:23 [ERROR] - AppFolders: Error when handling file system event for 'file:///home/user/.vscode/data/User/History/-76692dab/kIfk.js'
09:17:53 [ERROR] - AppFolders: Error when handling file system event for 'file:///home/user/.vscode/data/User/History/-76692dab/JQnO.js'
09:43:39 [ERROR] - AppFolders: Error when handling file system event for 'file:///home/user/.vscode/data/User/History/-76692dab/X8TP.js'
09:44:02 [ERROR] - AppFolders: Error when handling file system event for 'file:///home/user/.vscode/data/User/History/-76692dab/oU8K.js'
09:44:36 [ERROR] - AppFolders: Error when handling file system event for 'file:///home/user/.vscode/data/User/History/-76692dab/OVUV.js'
09:47:46 [ERROR] - AppFolders: Error when handling file system event for 'file:///home/user/.vscode/data/User/History/-76692dab/fmNQ.js'
09:48:28 [ERROR] - AppFolders: Error when handling file system event for 'file:///home/user/.vscode/data/User/History/-76692dab/HgTZ.js'
09:48:28 [ERROR] - AppFolders: Error when handling file system event for 'file:///home/user/.vscode/data/User/History/-76692dab/6zMX.js'
09:48:53 [ERROR] - AppFolders: Error when handling file system event for 'file:///home/user/.vscode/data/User/History/-76692dab/OKLk.js'
09:59:51 [ERROR] - AppFolders: Error when handling file system event for 'file:///home/user/.vscode/data/User/History/-76692dab/yEXa.js'
10:00:17 [ERROR] - AppFolders: Error when handling file system event for 'file:///home/user/.vscode/data/User/History/-76692dab/DgU8.js'
10:01:53 [ERROR] - AppFolders: Error when handling file system event for 'file:///home/user/.vscode/data/User/History/-76692dab/Dyd2.js'
10:03:01 [ERROR] - AppFolders: Error when handling file system event for 'file:///home/user/.vscode/data/User/History/-76692dab/QSPM.js'
10:03:19 [ERROR] - AppFolders: Error when handling file system event for 'file:///home/user/.vscode/data/User/History/-76692dab/sFEg.js'
10:04:11 [ERROR] - AppFolders: Error when handling file system event for 'file:///home/user/.vscode/data/User/History/-76692dab/w9qT.js'
10:04:34 [ERROR] - AppFolders: Error when handling file system event for 'file:///home/user/.vscode/data/User/History/-76692dab/RjLq.js'
10:05:05 [ERROR] - AppFolders: Error when handling file system event for 'file:///home/user/.vscode/data/User/History/-76692dab/7DoD.js'
10:05:46 [ERROR] - AppFolders: Error when handling file system event for 'file:///home/user/.vscode/data/User/History/-76692dab/ODXe.js'
10:05:54 [ERROR] - AppFolders: Error when handling file system event for 'file:///home/user/.vscode/data/User/History/-76692dab/Quob.js'
10:05:56 [ERROR] - AppFolders: Error when handling file system event for 'file:///home/user/.vscode/data/User/History/-76692dab/3UPx.js'
10:07:21 [ERROR] - AppFolders: Error when handling file system event for 'file:///home/user/.vscode/data/User/History/-76692dab/ZPiU.js'
10:07:54 [ERROR] - AppFolders: Error when handling file system event for 'file:///home/user/.vscode/data/User/History/-76692dab/0lgK.js'
10:08:25 [WARN] - No preview option selected
10:08:55 [ERROR] - AppFolders: Error when handling file system event for 'file:///home/user/.vscode/data/User/History/-76692dab/byhp.js'
10:09:10 [ERROR] - AppFolders: Error when handling file system event for 'file:///home/user/.vscode/data/User/History/-76692dab/Juqc.js'
10:09:35 [ERROR] - AppFolders: Error when handling file system event for 'file:///home/user/.vscode/data/User/History/-76692dab/KH05.js'
10:09:56 [ERROR] - AppFolders: Error when handling file system event for 'file:///home/user/.vscode/data/User/History/-76692dab/2Kgy.js'
10:12:26 [ERROR] - AppFolders: Error when handling file system event for 'file:///home/user/.vscode/data/User/History/-76692dab/mBOY.js'
10:14:55 [INFO] - AppFolders: Directory 'file:///home/user/.vscode/data/User/History/-1cd82066' changed, updating app folders in context. 
10:15:41 [INFO] - AppFolders:
	projectRoots: 9
	appRoots: 9
	webappRoots: 9
	subWebappRoots: 103
	localServiceRoots: 0
	adaptationAppRoots: 0
	adaptationWebappRoots: 0
	extensionAppRoots: 0
	extensionWebappRoots: 0
	libraryRoots: 4
	localAnnotationRoots: 0
	EDMXWithServiceRoots: 0
	EDMXLocalServiceRoots: 0
10:15:41 [INFO] - AppFolders: Function setContext() done in 46237.926ms
