12:48:10 [INFO] - Running activation sequence for Fiori tools - Application Modeler
12:48:10 [INFO] - Configurations: 'sap.ux.applicationModeler.showJsonSchemas': false; isTheia(): false; isAppStudio(): true
12:48:10 [INFO] - isBASVEExtInstalled(): true
12:48:10 [INFO] - AppFolders: setAppFoldersContext() is processing, leaving
12:48:10 [INFO] - Register Fiori tools file system for configurations...
12:48:10 [INFO] - ...Fiori tools file system registered in 0.556ms
12:48:10 [INFO] - Register views for configurations...
12:48:10 [INFO] - ...views for configurations registered in 9.058ms
12:48:10 [INFO] - Register commands...
12:48:10 [INFO] - ...commands registered in 3.639ms
12:48:10 [INFO] - Activating sync module...
12:48:10 [INFO] - Virtual file system ftfs initialized in 0.232ms
12:48:10 [INFO] - Searching for projects in these workspace folders: 
[ '/home/user' ]
12:48:23 [INFO] - SAP UX projects found and added in 13495.889ms
12:48:23 [INFO] - Start watching **/package.json
12:48:23 [INFO] - package.json watched in 0.783ms
12:48:23 [INFO] - Start watching for workspace folder changes
12:48:23 [INFO] - Workspace folders watched in 0.452ms
12:48:23 [INFO] - Configs watched in 0.109ms
12:48:23 [INFO] - ...sync module activated in 13499.283ms
12:48:23 [INFO] - Register serializers...
12:48:23 [INFO] - ...serializers registered in 0.521ms
12:48:23 [INFO] - Activating launch config integration
12:48:23 [INFO] - Handler for Fiori launch configuration registered
12:48:23 [INFO] - ...launch config integration activated in 0.824ms
12:48:23 [INFO] - Activating migration module...
12:48:23 [INFO] - Migration start watching for workspace folder changes
12:48:23 [INFO] - Workspace folders watched in 0.351ms
12:48:23 [INFO] - Migration start watching **/package.json
12:48:23 [INFO] - package.json watched in 0.338ms
12:48:23 [INFO] - Migration start watching **/pom.xml
12:48:23 [INFO] - pom.xml watched in 0.389ms
12:48:23 [INFO] - Migration start watching **/neo-app.json
12:48:23 [INFO] - neo-app.json watched in 0.308ms
12:48:23 [INFO] - Migration start watching **/manifest.json
12:48:23 [INFO] - manifest.json watched in 0.333ms
12:48:23 [INFO] - ...migration module activated in 3.717ms
12:48:23 [INFO] - Register uri handler...
12:48:23 [INFO] - ...uri handler registered in 0.212ms
12:48:23 [INFO] - activation sequence for Fiori tools - Application Modeler done in 13554.561ms
