10:29:53 [INFO] - Running activation sequence for Fiori tools - Application Modeler
10:29:53 [INFO] - Configurations: 'sap.ux.applicationModeler.showJsonSchemas': false; isTheia(): false; isAppStudio(): true
10:29:53 [INFO] - isBASVEExtInstalled(): true
10:29:53 [INFO] - AppFolders: setAppFoldersContext() is processing, leaving
10:29:53 [INFO] - Register Fiori tools file system for configurations...
10:29:53 [INFO] - ...Fiori tools file system registered in 0.570ms
10:29:53 [INFO] - Register views for configurations...
10:29:53 [INFO] - ...views for configurations registered in 0.875ms
10:29:53 [INFO] - Register commands...
10:29:53 [INFO] - ...commands registered in 3.607ms
10:29:53 [INFO] - Activating sync module...
10:29:53 [INFO] - Virtual file system ftfs initialized in 0.150ms
10:29:53 [INFO] - Searching for projects in these workspace folders: 
[ '/home/user' ]
10:30:04 [INFO] - Project added /home/user/projects/projekt_ui5
10:30:04 [INFO] - SAP UX projects found and added in 11322.663ms
10:30:04 [INFO] - Start watching **/package.json
10:30:04 [INFO] - package.json watched in 0.583ms
10:30:04 [INFO] - Start watching for workspace folder changes
10:30:04 [INFO] - Workspace folders watched in 0.315ms
10:30:04 [INFO] - Configs watched in 0.242ms
10:30:04 [INFO] - ...sync module activated in 11325.846ms
10:30:04 [INFO] - Register serializers...
10:30:04 [INFO] - ...serializers registered in 0.479ms
10:30:04 [INFO] - Activating launch config integration
10:30:04 [INFO] - Handler for Fiori launch configuration registered
10:30:04 [INFO] - ...launch config integration activated in 0.751ms
10:30:04 [INFO] - Activating migration module...
10:30:04 [INFO] - Migration start watching for workspace folder changes
10:30:04 [INFO] - Workspace folders watched in 0.282ms
10:30:04 [INFO] - Migration start watching **/package.json
10:30:04 [INFO] - package.json watched in 0.379ms
10:30:04 [INFO] - Migration start watching **/pom.xml
10:30:04 [INFO] - pom.xml watched in 0.323ms
10:30:04 [INFO] - Migration start watching **/neo-app.json
10:30:04 [INFO] - neo-app.json watched in 0.322ms
10:30:04 [INFO] - Migration start watching **/manifest.json
10:30:04 [INFO] - manifest.json watched in 0.539ms
10:30:04 [INFO] - ...migration module activated in 3.482ms
10:30:04 [INFO] - Register uri handler...
10:30:04 [INFO] - ...uri handler registered in 0.150ms
10:30:04 [INFO] - activation sequence for Fiori tools - Application Modeler done in 11572.044ms
