[2024-01-08 10:32:06.587] Extension has been activated
[2024-01-08 10:32:06.709] Opened in the main view
[2024-01-08 10:32:06.711] Default repository:
{
  "numberOfRepositories": 1,
  "selectedRepositoryPath": "/home/user",
  "availableRepositories": [
    "/home/user"
  ]
}
[2024-01-08 10:33:39.719] Repository did change:
{
  "numberOfRepositories": 1,
  "selectedRepositoryPath": "/home/user",
  "availableRepositories": [
    "/home/user"
  ]
}
[2024-01-08 10:33:40.525] Repository did change:
{
  "numberOfRepositories": 1,
  "selectedRepositoryPath": "/home/user",
  "availableRepositories": [
    "/home/user"
  ]
}
[2024-01-08 10:33:56.715] Repository did change:
{
  "numberOfRepositories": 1,
  "selectedRepositoryPath": "/home/user",
  "availableRepositories": [
    "/home/user"
  ]
}
[2024-01-08 10:34:08.074] Repository did change:
{
  "numberOfRepositories": 1,
  "selectedRepositoryPath": "/home/user",
  "availableRepositories": [
    "/home/user"
  ]
}
[2024-01-08 10:34:23.517] Repository did change:
{
  "numberOfRepositories": 1,
  "selectedRepositoryPath": "/home/user",
  "availableRepositories": [
    "/home/user"
  ]
}
[2024-01-08 10:34:33.213] Repository did change:
{
  "numberOfRepositories": 1,
  "selectedRepositoryPath": "/home/user",
  "availableRepositories": [
    "/home/user"
  ]
}
[2024-01-08 10:34:44.293] Repository did change:
{
  "numberOfRepositories": 1,
  "selectedRepositoryPath": "/home/user",
  "availableRepositories": [
    "/home/user"
  ]
}
