16:01:56 [INFO] - Running activation sequence for Fiori tools - Application Modeler
16:01:56 [INFO] - Configurations: 'sap.ux.applicationModeler.showJsonSchemas': false; isTheia(): false; isAppStudio(): true
16:01:56 [INFO] - isBASVEExtInstalled(): true
16:01:56 [INFO] - AppFolders: setAppFoldersContext() is processing, leaving
16:01:56 [INFO] - Register Fiori tools file system for configurations...
16:01:56 [INFO] - ...Fiori tools file system registered in 0.480ms
16:01:56 [INFO] - Register views for configurations...
16:01:56 [INFO] - ...views for configurations registered in 0.623ms
16:01:56 [INFO] - Register commands...
16:01:56 [INFO] - ...commands registered in 2.976ms
16:01:56 [INFO] - Activating sync module...
16:01:56 [INFO] - Virtual file system ftfs initialized in 0.111ms
16:01:56 [INFO] - Searching for projects in these workspace folders: 
[ '/home/user' ]
16:02:04 [INFO] - SAP UX projects found and added in 7586.780ms
16:02:04 [INFO] - Start watching **/package.json
16:02:04 [INFO] - package.json watched in 0.684ms
16:02:04 [INFO] - Start watching for workspace folder changes
16:02:04 [INFO] - Workspace folders watched in 0.434ms
16:02:04 [INFO] - Configs watched in 0.120ms
16:02:04 [INFO] - ...sync module activated in 7590.045ms
16:02:04 [INFO] - Register serializers...
16:02:04 [INFO] - ...serializers registered in 0.533ms
16:02:04 [INFO] - Activating launch config integration
16:02:04 [INFO] - Handler for Fiori launch configuration registered
16:02:04 [INFO] - ...launch config integration activated in 0.987ms
16:02:04 [INFO] - Activating migration module...
16:02:04 [INFO] - Migration start watching for workspace folder changes
16:02:04 [INFO] - Workspace folders watched in 0.437ms
16:02:04 [INFO] - Migration start watching **/package.json
16:02:04 [INFO] - package.json watched in 0.458ms
16:02:04 [INFO] - Migration start watching **/pom.xml
16:02:04 [INFO] - pom.xml watched in 0.473ms
16:02:04 [INFO] - Migration start watching **/neo-app.json
16:02:04 [INFO] - neo-app.json watched in 0.291ms
16:02:04 [INFO] - Migration start watching **/manifest.json
16:02:04 [INFO] - manifest.json watched in 0.310ms
16:02:04 [INFO] - ...migration module activated in 4.016ms
16:02:04 [INFO] - Register uri handler...
16:02:04 [INFO] - ...uri handler registered in 0.199ms
16:02:04 [INFO] - activation sequence for Fiori tools - Application Modeler done in 7627.592ms
